{"/home/travis/build/npmtest/node-npmtest-retire/test.js":{"path":"/home/travis/build/npmtest/node-npmtest-retire/test.js","s":{"1":2,"2":2,"3":2,"4":2,"5":2,"6":2,"7":2,"8":1,"9":2,"10":2,"11":1,"12":1,"13":1,"14":1,"15":2,"16":2,"17":2,"18":2,"19":1,"20":1,"21":2,"22":2,"23":2,"24":1,"25":1,"26":1,"27":1,"28":1,"29":1,"30":1,"31":1,"32":1,"33":1,"34":1,"35":1,"36":1,"37":2,"38":2,"39":1,"40":2,"41":2,"42":1,"43":2,"44":2,"45":1,"46":2,"47":2,"48":1,"49":1,"50":1,"51":1,"52":1},"b":{"1":[2,1,1,1],"2":[1,1,1,1],"3":[1,1],"4":[1,1],"5":[1,1],"6":[1,1],"7":[1,1],"8":[1,1],"9":[1,1,1],"10":[1,1],"11":[1,1],"12":[1,1],"13":[1,1],"14":[1,1],"15":[1,1],"16":[1,1]},"f":{"1":2,"2":2,"3":2,"4":2,"5":2,"6":1,"7":1,"8":2,"9":2,"10":2,"11":2,"12":1},"fnMap":{"1":{"name":"(anonymous_1)","line":12,"loc":{"start":{"line":12,"column":1},"end":{"line":12,"column":13}}},"2":{"name":"(anonymous_2)","line":19,"loc":{"start":{"line":19,"column":5},"end":{"line":19,"column":17}}},"3":{"name":"(anonymous_3)","line":23,"loc":{"start":{"line":23,"column":24},"end":{"line":23,"column":36}}},"4":{"name":"(anonymous_4)","line":61,"loc":{"start":{"line":61,"column":5},"end":{"line":61,"column":17}}},"5":{"name":"(anonymous_5)","line":82,"loc":{"start":{"line":82,"column":5},"end":{"line":82,"column":17}}},"6":{"name":"(anonymous_6)","line":102,"loc":{"start":{"line":102,"column":83},"end":{"line":105,"column":10}},"skip":true},"7":{"name":"(anonymous_7)","line":113,"loc":{"start":{"line":113,"column":77},"end":{"line":116,"column":10}},"skip":true},"8":{"name":"(anonymous_8)","line":129,"loc":{"start":{"line":129,"column":12},"end":{"line":129,"column":40}},"skip":true},"9":{"name":"(anonymous_9)","line":137,"loc":{"start":{"line":137,"column":77},"end":{"line":140,"column":10}},"skip":true},"10":{"name":"(anonymous_10)","line":148,"loc":{"start":{"line":148,"column":83},"end":{"line":151,"column":10}},"skip":true},"11":{"name":"(anonymous_11)","line":159,"loc":{"start":{"line":159,"column":79},"end":{"line":162,"column":10}},"skip":true},"12":{"name":"(anonymous_12)","line":170,"loc":{"start":{"line":170,"column":75},"end":{"line":173,"column":10}},"skip":true}},"statementMap":{"1":{"start":{"line":12,"column":0},"end":{"line":185,"column":5}},"2":{"start":{"line":14,"column":4},"end":{"line":14,"column":14}},"3":{"start":{"line":19,"column":4},"end":{"line":56,"column":9}},"4":{"start":{"line":21,"column":8},"end":{"line":21,"column":19}},"5":{"start":{"line":23,"column":8},"end":{"line":35,"column":13}},"6":{"start":{"line":24,"column":12},"end":{"line":34,"column":13}},"7":{"start":{"line":25,"column":16},"end":{"line":28,"column":30}},"8":{"start":{"line":30,"column":16},"end":{"line":33,"column":27}},"9":{"start":{"line":37,"column":8},"end":{"line":39,"column":21}},"10":{"start":{"line":40,"column":8},"end":{"line":53,"column":9}},"11":{"start":{"line":43,"column":12},"end":{"line":46,"column":14}},"12":{"start":{"line":47,"column":12},"end":{"line":47,"column":18}},"13":{"start":{"line":50,"column":12},"end":{"line":51,"column":46}},"14":{"start":{"line":52,"column":12},"end":{"line":52,"column":18}},"15":{"start":{"line":55,"column":8},"end":{"line":55,"column":35}},"16":{"start":{"line":61,"column":4},"end":{"line":63,"column":9}},"17":{"start":{"line":62,"column":8},"end":{"line":62,"column":15}},"18":{"start":{"line":64,"column":4},"end":{"line":77,"column":5}},"19":{"start":{"line":70,"column":8},"end":{"line":70,"column":14}},"20":{"start":{"line":76,"column":8},"end":{"line":76,"column":14}},"21":{"start":{"line":82,"column":4},"end":{"line":84,"column":9}},"22":{"start":{"line":83,"column":8},"end":{"line":83,"column":15}},"23":{"start":{"line":85,"column":4},"end":{"line":184,"column":5}},"24":{"start":{"line":92,"column":8},"end":{"line":94,"column":63}},"25":{"start":{"line":95,"column":8},"end":{"line":95,"column":14}},"26":{"start":{"line":102,"column":8},"end":{"line":111,"column":10},"skip":true},"27":{"start":{"line":109,"column":12},"end":{"line":109,"column":55},"skip":true},"28":{"start":{"line":110,"column":12},"end":{"line":110,"column":48},"skip":true},"29":{"start":{"line":113,"column":8},"end":{"line":126,"column":10},"skip":true},"30":{"start":{"line":120,"column":12},"end":{"line":120,"column":76},"skip":true},"31":{"start":{"line":121,"column":12},"end":{"line":121,"column":73},"skip":true},"32":{"start":{"line":122,"column":12},"end":{"line":122,"column":74},"skip":true},"33":{"start":{"line":123,"column":12},"end":{"line":123,"column":79},"skip":true},"34":{"start":{"line":124,"column":12},"end":{"line":124,"column":25},"skip":true},"35":{"start":{"line":125,"column":12},"end":{"line":125,"column":45},"skip":true},"36":{"start":{"line":128,"column":8},"end":{"line":135,"column":14},"skip":true},"37":{"start":{"line":133,"column":16},"end":{"line":133,"column":29},"skip":true},"38":{"start":{"line":134,"column":16},"end":{"line":134,"column":55},"skip":true},"39":{"start":{"line":137,"column":8},"end":{"line":146,"column":10},"skip":true},"40":{"start":{"line":144,"column":12},"end":{"line":144,"column":25},"skip":true},"41":{"start":{"line":145,"column":12},"end":{"line":145,"column":45},"skip":true},"42":{"start":{"line":148,"column":8},"end":{"line":157,"column":10},"skip":true},"43":{"start":{"line":155,"column":12},"end":{"line":155,"column":25},"skip":true},"44":{"start":{"line":156,"column":12},"end":{"line":156,"column":48},"skip":true},"45":{"start":{"line":159,"column":8},"end":{"line":168,"column":10},"skip":true},"46":{"start":{"line":166,"column":12},"end":{"line":166,"column":25},"skip":true},"47":{"start":{"line":167,"column":12},"end":{"line":167,"column":46},"skip":true},"48":{"start":{"line":170,"column":8},"end":{"line":179,"column":10},"skip":true},"49":{"start":{"line":177,"column":12},"end":{"line":177,"column":94},"skip":true},"50":{"start":{"line":178,"column":12},"end":{"line":178,"column":48},"skip":true},"51":{"start":{"line":182,"column":8},"end":{"line":182,"column":35},"skip":true},"52":{"start":{"line":183,"column":8},"end":{"line":183,"column":14},"skip":true}},"branchMap":{"1":{"line":25,"type":"binary-expr","locations":[{"start":{"line":25,"column":23},"end":{"line":25,"column":62}},{"start":{"line":26,"column":20},"end":{"line":26,"column":70}},{"start":{"line":27,"column":20},"end":{"line":27,"column":71}},{"start":{"line":28,"column":20},"end":{"line":28,"column":29}}]},"2":{"line":30,"type":"binary-expr","locations":[{"start":{"line":30,"column":23},"end":{"line":30,"column":37}},{"start":{"line":31,"column":20},"end":{"line":31,"column":61}},{"start":{"line":32,"column":20},"end":{"line":32,"column":70}},{"start":{"line":33,"column":20},"end":{"line":33,"column":26}}]},"3":{"line":37,"type":"cond-expr","locations":[{"start":{"line":38,"column":14},"end":{"line":38,"column":20}},{"start":{"line":39,"column":14},"end":{"line":39,"column":20}}]},"4":{"line":40,"type":"switch","locations":[{"start":{"line":42,"column":8},"end":{"line":47,"column":18}},{"start":{"line":49,"column":8},"end":{"line":52,"column":18}}]},"5":{"line":44,"type":"binary-expr","locations":[{"start":{"line":44,"column":16},"end":{"line":44,"column":44}},{"start":{"line":44,"column":48},"end":{"line":44,"column":66}}]},"6":{"line":50,"type":"binary-expr","locations":[{"start":{"line":50,"column":21},"end":{"line":50,"column":49}},{"start":{"line":50,"column":53},"end":{"line":50,"column":72}}]},"7":{"line":64,"type":"switch","locations":[{"start":{"line":69,"column":4},"end":{"line":70,"column":14}},{"start":{"line":75,"column":4},"end":{"line":76,"column":14}}]},"8":{"line":85,"type":"switch","locations":[{"start":{"line":90,"column":4},"end":{"line":95,"column":14}},{"start":{"line":101,"column":4},"end":{"line":183,"column":14},"skip":true}]},"9":{"line":92,"type":"binary-expr","locations":[{"start":{"line":92,"column":18},"end":{"line":92,"column":32}},{"start":{"line":93,"column":12},"end":{"line":93,"column":53}},{"start":{"line":94,"column":12},"end":{"line":94,"column":61}}]},"10":{"line":102,"type":"binary-expr","locations":[{"start":{"line":102,"column":45},"end":{"line":102,"column":79},"skip":true},{"start":{"line":102,"column":83},"end":{"line":111,"column":9},"skip":true}]},"11":{"line":113,"type":"binary-expr","locations":[{"start":{"line":113,"column":42},"end":{"line":113,"column":73},"skip":true},{"start":{"line":113,"column":77},"end":{"line":126,"column":9},"skip":true}]},"12":{"line":128,"type":"binary-expr","locations":[{"start":{"line":128,"column":48},"end":{"line":128,"column":85},"skip":true},{"start":{"line":129,"column":12},"end":{"line":135,"column":13},"skip":true}]},"13":{"line":137,"type":"binary-expr","locations":[{"start":{"line":137,"column":42},"end":{"line":137,"column":73},"skip":true},{"start":{"line":137,"column":77},"end":{"line":146,"column":9},"skip":true}]},"14":{"line":148,"type":"binary-expr","locations":[{"start":{"line":148,"column":45},"end":{"line":148,"column":79},"skip":true},{"start":{"line":148,"column":83},"end":{"line":157,"column":9},"skip":true}]},"15":{"line":159,"type":"binary-expr","locations":[{"start":{"line":159,"column":43},"end":{"line":159,"column":75},"skip":true},{"start":{"line":159,"column":79},"end":{"line":168,"column":9},"skip":true}]},"16":{"line":170,"type":"binary-expr","locations":[{"start":{"line":170,"column":41},"end":{"line":170,"column":71},"skip":true},{"start":{"line":170,"column":75},"end":{"line":179,"column":9},"skip":true}]}},"code":["/* istanbul instrument in package npmtest_retire */","/*jslint","    bitwise: true,","    browser: true,","    maxerr: 8,","    maxlen: 96,","    node: true,","    nomen: true,","    regexp: true,","    stupid: true","*/","(function () {","    'use strict';","    var local;","","","","    // run shared js-env code - pre-init","    (function () {","        // init local","        local = {};","        // init modeJs","        local.modeJs = (function () {","            try {","                return typeof navigator.userAgent === 'string' &&","                    typeof document.querySelector('body') === 'object' &&","                    typeof XMLHttpRequest.prototype.open === 'function' &&","                    'browser';","            } catch (errorCaughtBrowser) {","                return module.exports &&","                    typeof process.versions.node === 'string' &&","                    typeof require('http').createServer === 'function' &&","                    'node';","            }","        }());","        // init global","        local.global = local.modeJs === 'browser'","            ? window","            : global;","        switch (local.modeJs) {","        // re-init local from window.local","        case 'browser':","            local = local.global.utility2.objectSetDefault(","                local.global.utility2_rollup || local.global.local,","                local.global.utility2","            );","            break;","        // re-init local from example.js","        case 'node':","            local = (local.global.utility2_rollup || require('utility2'))","                .requireExampleJsFromReadme();","            break;","        }","        // export local","        local.global.local = local;","    }());","","","","    // run shared js-env code - function","    (function () {","        return;","    }());","    switch (local.modeJs) {","","","","    // run browser js-env code - function","    case 'browser':","        break;","","","","    // run node js-env code - function","    case 'node':","        break;","    }","","","","    // run shared js-env code - post-init","    (function () {","        return;","    }());","    switch (local.modeJs) {","","","","    // run browser js-env code - post-init","    case 'browser':","        // run tests","        local.nop(local.modeTest &&","            document.querySelector('#testRunButton1') &&","            document.querySelector('#testRunButton1').click());","        break;","","","","    // run node js-env code - post-init","    /* istanbul ignore next */","    case 'node':","        local.testCase_buildApidoc_default = local.testCase_buildApidoc_default || function (","            options,","            onError","        ) {","        /*","         * this function will test buildApidoc's default handling-behavior-behavior","         */","            options = { modulePathList: module.paths };","            local.buildApidoc(options, onError);","        };","","        local.testCase_buildApp_default = local.testCase_buildApp_default || function (","            options,","            onError","        ) {","        /*","         * this function will test buildApp's default handling-behavior-behavior","         */","            local.testCase_buildReadme_default(options, local.onErrorThrow);","            local.testCase_buildLib_default(options, local.onErrorThrow);","            local.testCase_buildTest_default(options, local.onErrorThrow);","            local.testCase_buildCustomOrg_default(options, local.onErrorThrow);","            options = [];","            local.buildApp(options, onError);","        };","","        local.testCase_buildCustomOrg_default = local.testCase_buildCustomOrg_default ||","            function (options, onError) {","            /*","             * this function will test buildCustomOrg's default handling-behavior","             */","                options = {};","                local.buildCustomOrg(options, onError);","            };","","        local.testCase_buildLib_default = local.testCase_buildLib_default || function (","            options,","            onError","        ) {","        /*","         * this function will test buildLib's default handling-behavior","         */","            options = {};","            local.buildLib(options, onError);","        };","","        local.testCase_buildReadme_default = local.testCase_buildReadme_default || function (","            options,","            onError","        ) {","        /*","         * this function will test buildReadme's default handling-behavior-behavior","         */","            options = {};","            local.buildReadme(options, onError);","        };","","        local.testCase_buildTest_default = local.testCase_buildTest_default || function (","            options,","            onError","        ) {","        /*","         * this function will test buildTest's default handling-behavior","         */","            options = {};","            local.buildTest(options, onError);","        };","","        local.testCase_webpage_default = local.testCase_webpage_default || function (","            options,","            onError","        ) {","        /*","         * this function will test webpage's default handling-behavior","         */","            options = { modeCoverageMerge: true, url: local.serverLocalHost + '?modeTest=1' };","            local.browserTest(options, onError);","        };","","        // run test-server","        local.testRunServer(local);","        break;","    }","}());",""],"l":{"12":2,"14":2,"19":2,"21":2,"23":2,"24":2,"25":2,"30":1,"37":2,"40":2,"43":1,"47":1,"50":1,"52":1,"55":2,"61":2,"62":2,"64":2,"70":1,"76":1,"82":2,"83":2,"85":2,"92":1,"95":1,"102":1,"109":1,"110":1,"113":1,"120":1,"121":1,"122":1,"123":1,"124":1,"125":1,"128":1,"133":2,"134":2,"137":1,"144":2,"145":2,"148":1,"155":2,"156":2,"159":1,"166":2,"167":2,"170":1,"177":1,"178":1,"182":1,"183":1}},"/home/travis/build/npmtest/node-npmtest-retire/lib.npmtest_retire.js":{"path":"/home/travis/build/npmtest/node-npmtest-retire/lib.npmtest_retire.js","s":{"1":2,"2":2,"3":2,"4":2,"5":2,"6":2,"7":2,"8":1,"9":2,"10":2,"11":2,"12":2,"13":1,"14":1,"15":1,"16":1},"b":{"1":[2,1,1,1],"2":[1,1,1,1],"3":[1,1],"4":[2,2],"5":[1,1]},"f":{"1":2,"2":2,"3":2},"fnMap":{"1":{"name":"(anonymous_1)","line":12,"loc":{"start":{"line":12,"column":1},"end":{"line":12,"column":13}}},"2":{"name":"(anonymous_2)","line":19,"loc":{"start":{"line":19,"column":5},"end":{"line":19,"column":17}}},"3":{"name":"(anonymous_3)","line":23,"loc":{"start":{"line":23,"column":24},"end":{"line":23,"column":36}}}},"statementMap":{"1":{"start":{"line":12,"column":0},"end":{"line":53,"column":5}},"2":{"start":{"line":14,"column":4},"end":{"line":14,"column":14}},"3":{"start":{"line":19,"column":4},"end":{"line":52,"column":9}},"4":{"start":{"line":21,"column":8},"end":{"line":21,"column":19}},"5":{"start":{"line":23,"column":8},"end":{"line":35,"column":13}},"6":{"start":{"line":24,"column":12},"end":{"line":34,"column":13}},"7":{"start":{"line":25,"column":16},"end":{"line":28,"column":30}},"8":{"start":{"line":30,"column":16},"end":{"line":33,"column":27}},"9":{"start":{"line":37,"column":8},"end":{"line":39,"column":21}},"10":{"start":{"line":41,"column":8},"end":{"line":41,"column":54}},"11":{"start":{"line":43,"column":8},"end":{"line":43,"column":51}},"12":{"start":{"line":45,"column":8},"end":{"line":51,"column":9}},"13":{"start":{"line":46,"column":12},"end":{"line":46,"column":57}},"14":{"start":{"line":48,"column":12},"end":{"line":48,"column":35}},"15":{"start":{"line":49,"column":12},"end":{"line":49,"column":49}},"16":{"start":{"line":50,"column":12},"end":{"line":50,"column":43}}},"branchMap":{"1":{"line":25,"type":"binary-expr","locations":[{"start":{"line":25,"column":23},"end":{"line":25,"column":62}},{"start":{"line":26,"column":20},"end":{"line":26,"column":70}},{"start":{"line":27,"column":20},"end":{"line":27,"column":71}},{"start":{"line":28,"column":20},"end":{"line":28,"column":29}}]},"2":{"line":30,"type":"binary-expr","locations":[{"start":{"line":30,"column":23},"end":{"line":30,"column":37}},{"start":{"line":31,"column":20},"end":{"line":31,"column":61}},{"start":{"line":32,"column":20},"end":{"line":32,"column":70}},{"start":{"line":33,"column":20},"end":{"line":33,"column":26}}]},"3":{"line":37,"type":"cond-expr","locations":[{"start":{"line":38,"column":14},"end":{"line":38,"column":20}},{"start":{"line":39,"column":14},"end":{"line":39,"column":20}}]},"4":{"line":41,"type":"binary-expr","locations":[{"start":{"line":41,"column":16},"end":{"line":41,"column":44}},{"start":{"line":41,"column":48},"end":{"line":41,"column":53}}]},"5":{"line":45,"type":"if","locations":[{"start":{"line":45,"column":8},"end":{"line":45,"column":8}},{"start":{"line":45,"column":8},"end":{"line":45,"column":8}}]}},"code":["/* istanbul instrument in package npmtest_retire */","/*jslint","    bitwise: true,","    browser: true,","    maxerr: 8,","    maxlen: 96,","    node: true,","    nomen: true,","    regexp: true,","    stupid: true","*/","(function () {","    'use strict';","    var local;","","","","    // run shared js-env code - pre-init","    (function () {","        // init local","        local = {};","        // init modeJs","        local.modeJs = (function () {","            try {","                return typeof navigator.userAgent === 'string' &&","                    typeof document.querySelector('body') === 'object' &&","                    typeof XMLHttpRequest.prototype.open === 'function' &&","                    'browser';","            } catch (errorCaughtBrowser) {","                return module.exports &&","                    typeof process.versions.node === 'string' &&","                    typeof require('http').createServer === 'function' &&","                    'node';","            }","        }());","        // init global","        local.global = local.modeJs === 'browser'","            ? window","            : global;","        // init utility2_rollup","        local = local.global.utility2_rollup || local;","        // init lib","        local.local = local.npmtest_retire = local;","        // init exports","        if (local.modeJs === 'browser') {","            local.global.utility2_npmtest_retire = local;","        } else {","            module.exports = local;","            module.exports.__dirname = __dirname;","            module.exports.module = module;","        }","    }());","}());",""],"l":{"12":2,"14":2,"19":2,"21":2,"23":2,"24":2,"25":2,"30":1,"37":2,"41":2,"43":2,"45":2,"46":1,"48":1,"49":1,"50":1}},"/home/travis/build/npmtest/node-npmtest-retire/example.js":{"path":"/home/travis/build/npmtest/node-npmtest-retire/example.js","s":{"1":2,"2":2,"3":2,"4":2,"5":2,"6":2,"7":2,"8":1,"9":2,"10":2,"11":2,"12":2,"13":1,"14":2,"15":2,"16":2,"17":2,"18":2,"19":0,"20":2,"21":1,"22":1,"23":1,"24":1,"25":1,"26":0,"27":0,"28":1,"29":1,"30":2,"31":0,"32":0,"33":0,"34":1,"35":2,"36":2,"37":2,"38":2,"39":2,"40":2,"41":0,"42":2,"43":2,"44":2,"45":1,"46":3,"47":1,"48":1,"49":1,"50":1,"51":1,"52":1,"53":1,"54":1,"55":1,"56":1,"57":0,"58":1,"59":6,"60":6,"61":1,"62":2,"63":0,"64":2,"65":1,"66":1,"67":0,"68":0,"69":0,"70":0,"71":0,"72":0,"73":0,"74":0,"75":0,"76":0,"77":0,"78":0,"79":0,"80":0,"81":0,"82":0,"83":0},"b":{"1":[2,1,1,1],"2":[1,1,1,1],"3":[1,1],"4":[2,2],"5":[1,1],"6":[1,1],"7":[2,0],"8":[2,1,1,1,1,1],"9":[0,2,0],"10":[1,1],"11":[2,1,1],"12":[1,0],"13":[0,2],"14":[2,0,0,0,0,0,0],"15":[0,2],"16":[2,0],"17":[1,1],"18":[0,1],"19":[1,2,0,2],"20":[1,0],"21":[1,1],"22":[0,0],"23":[0,0],"24":[0,0],"25":[0,0],"26":[0,0],"27":[0,0],"28":[0,0]},"f":{"1":2,"2":2,"3":2,"4":2,"5":2,"6":2,"7":2,"8":2,"9":3,"10":1,"11":6,"12":0},"fnMap":{"1":{"name":"(anonymous_1)","line":26,"loc":{"start":{"line":26,"column":1},"end":{"line":26,"column":13}}},"2":{"name":"(anonymous_2)","line":33,"loc":{"start":{"line":33,"column":5},"end":{"line":33,"column":17}}},"3":{"name":"(anonymous_3)","line":37,"loc":{"start":{"line":37,"column":24},"end":{"line":37,"column":36}}},"4":{"name":"(anonymous_4)","line":69,"loc":{"start":{"line":69,"column":31},"end":{"line":69,"column":48}},"skip":true},"5":{"name":"(anonymous_5)","line":78,"loc":{"start":{"line":78,"column":26},"end":{"line":78,"column":45}},"skip":true},"6":{"name":"(anonymous_6)","line":123,"loc":{"start":{"line":123,"column":33},"end":{"line":123,"column":48}},"skip":true},"7":{"name":"(anonymous_7)","line":125,"loc":{"start":{"line":125,"column":27},"end":{"line":125,"column":39}},"skip":true},"8":{"name":"(anonymous_8)","line":133,"loc":{"start":{"line":133,"column":59},"end":{"line":133,"column":74}},"skip":true},"9":{"name":"(anonymous_9)","line":143,"loc":{"start":{"line":143,"column":45},"end":{"line":143,"column":62}},"skip":true},"10":{"name":"(anonymous_10)","line":144,"loc":{"start":{"line":144,"column":73},"end":{"line":144,"column":92}},"skip":true},"11":{"name":"(anonymous_11)","line":272,"loc":{"start":{"line":272,"column":51},"end":{"line":272,"column":77}},"skip":true},"12":{"name":"(anonymous_12)","line":314,"loc":{"start":{"line":314,"column":32},"end":{"line":314,"column":61}},"skip":true}},"statementMap":{"1":{"start":{"line":26,"column":0},"end":{"line":325,"column":5}},"2":{"start":{"line":28,"column":4},"end":{"line":28,"column":14}},"3":{"start":{"line":33,"column":4},"end":{"line":60,"column":9}},"4":{"start":{"line":35,"column":8},"end":{"line":35,"column":19}},"5":{"start":{"line":37,"column":8},"end":{"line":49,"column":13}},"6":{"start":{"line":38,"column":12},"end":{"line":48,"column":13}},"7":{"start":{"line":39,"column":16},"end":{"line":42,"column":30}},"8":{"start":{"line":44,"column":16},"end":{"line":47,"column":27}},"9":{"start":{"line":51,"column":8},"end":{"line":53,"column":21}},"10":{"start":{"line":55,"column":8},"end":{"line":57,"column":45}},"11":{"start":{"line":59,"column":8},"end":{"line":59,"column":35}},"12":{"start":{"line":61,"column":4},"end":{"line":324,"column":5}},"13":{"start":{"line":69,"column":8},"end":{"line":121,"column":10},"skip":true},"14":{"start":{"line":70,"column":12},"end":{"line":88,"column":13},"skip":true},"15":{"start":{"line":76,"column":16},"end":{"line":87,"column":19},"skip":true},"16":{"start":{"line":79,"column":20},"end":{"line":86,"column":21},"skip":true},"17":{"start":{"line":82,"column":24},"end":{"line":82,"column":43},"skip":true},"18":{"start":{"line":83,"column":24},"end":{"line":83,"column":30},"skip":true},"19":{"start":{"line":85,"column":24},"end":{"line":85,"column":49},"skip":true},"20":{"start":{"line":89,"column":12},"end":{"line":107,"column":13},"skip":true},"21":{"start":{"line":92,"column":16},"end":{"line":102,"column":17},"skip":true},"22":{"start":{"line":93,"column":20},"end":{"line":93,"column":86},"skip":true},"23":{"start":{"line":94,"column":20},"end":{"line":95,"column":45},"skip":true},"24":{"start":{"line":96,"column":20},"end":{"line":96,"column":42},"skip":true},"25":{"start":{"line":97,"column":20},"end":{"line":97,"column":48},"skip":true},"26":{"start":{"line":100,"column":20},"end":{"line":100,"column":85},"skip":true},"27":{"start":{"line":101,"column":20},"end":{"line":101,"column":96},"skip":true},"28":{"start":{"line":103,"column":16},"end":{"line":103,"column":22},"skip":true},"29":{"start":{"line":106,"column":16},"end":{"line":106,"column":22},"skip":true},"30":{"start":{"line":108,"column":12},"end":{"line":120,"column":13},"skip":true},"31":{"start":{"line":114,"column":16},"end":{"line":119,"column":17},"skip":true},"32":{"start":{"line":116,"column":20},"end":{"line":116,"column":78},"skip":true},"33":{"start":{"line":118,"column":20},"end":{"line":118,"column":47},"skip":true},"34":{"start":{"line":123,"column":8},"end":{"line":141,"column":11},"skip":true},"35":{"start":{"line":124,"column":12},"end":{"line":124,"column":54},"skip":true},"36":{"start":{"line":125,"column":12},"end":{"line":140,"column":14},"skip":true},"37":{"start":{"line":126,"column":16},"end":{"line":126,"column":28},"skip":true},"38":{"start":{"line":127,"column":16},"end":{"line":127,"column":69},"skip":true},"39":{"start":{"line":128,"column":16},"end":{"line":128,"column":75},"skip":true},"40":{"start":{"line":129,"column":16},"end":{"line":131,"column":17},"skip":true},"41":{"start":{"line":130,"column":20},"end":{"line":130,"column":27},"skip":true},"42":{"start":{"line":133,"column":16},"end":{"line":137,"column":36},"skip":true},"43":{"start":{"line":134,"column":20},"end":{"line":136,"column":55},"skip":true},"44":{"start":{"line":139,"column":16},"end":{"line":139,"column":57},"skip":true},"45":{"start":{"line":143,"column":8},"end":{"line":147,"column":11},"skip":true},"46":{"start":{"line":144,"column":12},"end":{"line":146,"column":15},"skip":true},"47":{"start":{"line":145,"column":16},"end":{"line":145,"column":70},"skip":true},"48":{"start":{"line":149,"column":8},"end":{"line":149,"column":31},"skip":true},"49":{"start":{"line":150,"column":8},"end":{"line":150,"column":14},"skip":true},"50":{"start":{"line":158,"column":8},"end":{"line":158,"column":31},"skip":true},"51":{"start":{"line":160,"column":8},"end":{"line":160,"column":33},"skip":true},"52":{"start":{"line":161,"column":8},"end":{"line":161,"column":37},"skip":true},"53":{"start":{"line":162,"column":8},"end":{"line":162,"column":35},"skip":true},"54":{"start":{"line":164,"column":8},"end":{"line":164,"column":50},"skip":true},"55":{"start":{"line":166,"column":8},"end":{"line":256,"column":2},"skip":true},"56":{"start":{"line":258,"column":8},"end":{"line":286,"column":9},"skip":true},"57":{"start":{"line":259,"column":12},"end":{"line":269,"column":14},"skip":true},"58":{"start":{"line":271,"column":12},"end":{"line":285,"column":19},"skip":true},"59":{"start":{"line":274,"column":20},"end":{"line":274,"column":35},"skip":true},"60":{"start":{"line":275,"column":20},"end":{"line":284,"column":21},"skip":true},"61":{"start":{"line":277,"column":24},"end":{"line":277,"column":64},"skip":true},"62":{"start":{"line":279,"column":24},"end":{"line":279,"column":40},"skip":true},"63":{"start":{"line":281,"column":24},"end":{"line":281,"column":40},"skip":true},"64":{"start":{"line":283,"column":24},"end":{"line":283,"column":39},"skip":true},"65":{"start":{"line":288,"column":8},"end":{"line":290,"column":9},"skip":true},"66":{"start":{"line":289,"column":12},"end":{"line":289,"column":18},"skip":true},"67":{"start":{"line":291,"column":8},"end":{"line":293,"column":54},"skip":true},"68":{"start":{"line":294,"column":8},"end":{"line":301,"column":37},"skip":true},"69":{"start":{"line":302,"column":8},"end":{"line":302,"column":82},"skip":true},"70":{"start":{"line":305,"column":8},"end":{"line":307,"column":9},"skip":true},"71":{"start":{"line":306,"column":12},"end":{"line":306,"column":82},"skip":true},"72":{"start":{"line":309,"column":8},"end":{"line":311,"column":9},"skip":true},"73":{"start":{"line":310,"column":12},"end":{"line":310,"column":18},"skip":true},"74":{"start":{"line":312,"column":8},"end":{"line":312,"column":54},"skip":true},"75":{"start":{"line":313,"column":8},"end":{"line":313,"column":69},"skip":true},"76":{"start":{"line":314,"column":8},"end":{"line":322,"column":36},"skip":true},"77":{"start":{"line":315,"column":12},"end":{"line":315,"column":61},"skip":true},"78":{"start":{"line":316,"column":12},"end":{"line":319,"column":13},"skip":true},"79":{"start":{"line":317,"column":16},"end":{"line":317,"column":75},"skip":true},"80":{"start":{"line":318,"column":16},"end":{"line":318,"column":23},"skip":true},"81":{"start":{"line":320,"column":12},"end":{"line":320,"column":38},"skip":true},"82":{"start":{"line":321,"column":12},"end":{"line":321,"column":27},"skip":true},"83":{"start":{"line":323,"column":8},"end":{"line":323,"column":14},"skip":true}},"branchMap":{"1":{"line":39,"type":"binary-expr","locations":[{"start":{"line":39,"column":23},"end":{"line":39,"column":62}},{"start":{"line":40,"column":20},"end":{"line":40,"column":70}},{"start":{"line":41,"column":20},"end":{"line":41,"column":71}},{"start":{"line":42,"column":20},"end":{"line":42,"column":29}}]},"2":{"line":44,"type":"binary-expr","locations":[{"start":{"line":44,"column":23},"end":{"line":44,"column":37}},{"start":{"line":45,"column":20},"end":{"line":45,"column":61}},{"start":{"line":46,"column":20},"end":{"line":46,"column":70}},{"start":{"line":47,"column":20},"end":{"line":47,"column":26}}]},"3":{"line":51,"type":"cond-expr","locations":[{"start":{"line":52,"column":14},"end":{"line":52,"column":20}},{"start":{"line":53,"column":14},"end":{"line":53,"column":20}}]},"4":{"line":55,"type":"binary-expr","locations":[{"start":{"line":55,"column":16},"end":{"line":55,"column":44}},{"start":{"line":55,"column":49},"end":{"line":57,"column":43}}]},"5":{"line":55,"type":"cond-expr","locations":[{"start":{"line":56,"column":14},"end":{"line":56,"column":50}},{"start":{"line":57,"column":14},"end":{"line":57,"column":43}}]},"6":{"line":61,"type":"switch","locations":[{"start":{"line":68,"column":4},"end":{"line":150,"column":14},"skip":true},{"start":{"line":156,"column":4},"end":{"line":323,"column":14},"skip":true}]},"7":{"line":70,"type":"if","locations":[{"start":{"line":70,"column":12},"end":{"line":70,"column":12},"skip":true},{"start":{"line":70,"column":12},"end":{"line":70,"column":12},"skip":true}]},"8":{"line":70,"type":"binary-expr","locations":[{"start":{"line":70,"column":16},"end":{"line":70,"column":22},"skip":true},{"start":{"line":70,"column":27},"end":{"line":70,"column":32},"skip":true},{"start":{"line":71,"column":20},"end":{"line":71,"column":39},"skip":true},{"start":{"line":72,"column":20},"end":{"line":72,"column":49},"skip":true},{"start":{"line":73,"column":20},"end":{"line":73,"column":58},"skip":true},{"start":{"line":74,"column":20},"end":{"line":74,"column":69},"skip":true}]},"9":{"line":79,"type":"switch","locations":[{"start":{"line":80,"column":20},"end":{"line":80,"column":33},"skip":true},{"start":{"line":81,"column":20},"end":{"line":83,"column":30},"skip":true},{"start":{"line":84,"column":20},"end":{"line":85,"column":49},"skip":true}]},"10":{"line":89,"type":"switch","locations":[{"start":{"line":90,"column":12},"end":{"line":103,"column":22},"skip":true},{"start":{"line":105,"column":12},"end":{"line":106,"column":22},"skip":true}]},"11":{"line":89,"type":"binary-expr","locations":[{"start":{"line":89,"column":20},"end":{"line":89,"column":25},"skip":true},{"start":{"line":89,"column":29},"end":{"line":89,"column":48},"skip":true},{"start":{"line":89,"column":52},"end":{"line":89,"column":74},"skip":true}]},"12":{"line":92,"type":"if","locations":[{"start":{"line":92,"column":16},"end":{"line":92,"column":16},"skip":true},{"start":{"line":92,"column":16},"end":{"line":92,"column":16},"skip":true}]},"13":{"line":108,"type":"if","locations":[{"start":{"line":108,"column":12},"end":{"line":108,"column":12},"skip":true},{"start":{"line":108,"column":12},"end":{"line":108,"column":12},"skip":true}]},"14":{"line":108,"type":"binary-expr","locations":[{"start":{"line":108,"column":16},"end":{"line":108,"column":61},"skip":true},{"start":{"line":108,"column":66},"end":{"line":108,"column":72},"skip":true},{"start":{"line":108,"column":77},"end":{"line":108,"column":82},"skip":true},{"start":{"line":109,"column":20},"end":{"line":109,"column":39},"skip":true},{"start":{"line":110,"column":20},"end":{"line":110,"column":49},"skip":true},{"start":{"line":111,"column":20},"end":{"line":111,"column":58},"skip":true},{"start":{"line":112,"column":20},"end":{"line":112,"column":68},"skip":true}]},"15":{"line":129,"type":"if","locations":[{"start":{"line":129,"column":16},"end":{"line":129,"column":16},"skip":true},{"start":{"line":129,"column":16},"end":{"line":129,"column":16},"skip":true}]},"16":{"line":134,"type":"cond-expr","locations":[{"start":{"line":135,"column":26},"end":{"line":135,"column":29},"skip":true},{"start":{"line":136,"column":26},"end":{"line":136,"column":54},"skip":true}]},"17":{"line":164,"type":"binary-expr","locations":[{"start":{"line":164,"column":27},"end":{"line":164,"column":43},"skip":true},{"start":{"line":164,"column":47},"end":{"line":164,"column":49},"skip":true}]},"18":{"line":258,"type":"if","locations":[{"start":{"line":258,"column":8},"end":{"line":258,"column":8},"skip":true},{"start":{"line":258,"column":8},"end":{"line":258,"column":8},"skip":true}]},"19":{"line":275,"type":"switch","locations":[{"start":{"line":276,"column":20},"end":{"line":277,"column":64},"skip":true},{"start":{"line":278,"column":20},"end":{"line":279,"column":40},"skip":true},{"start":{"line":280,"column":20},"end":{"line":281,"column":40},"skip":true},{"start":{"line":282,"column":20},"end":{"line":283,"column":39},"skip":true}]},"20":{"line":288,"type":"if","locations":[{"start":{"line":288,"column":8},"end":{"line":288,"column":8},"skip":true},{"start":{"line":288,"column":8},"end":{"line":288,"column":8},"skip":true}]},"21":{"line":288,"type":"binary-expr","locations":[{"start":{"line":288,"column":12},"end":{"line":288,"column":40},"skip":true},{"start":{"line":288,"column":44},"end":{"line":288,"column":67},"skip":true}]},"22":{"line":292,"type":"binary-expr","locations":[{"start":{"line":292,"column":12},"end":{"line":292,"column":50},"skip":true},{"start":{"line":293,"column":12},"end":{"line":293,"column":53},"skip":true}]},"23":{"line":295,"type":"binary-expr","locations":[{"start":{"line":295,"column":12},"end":{"line":295,"column":64},"skip":true},{"start":{"line":296,"column":12},"end":{"line":301,"column":36},"skip":true}]},"24":{"line":302,"type":"binary-expr","locations":[{"start":{"line":302,"column":43},"end":{"line":302,"column":75},"skip":true},{"start":{"line":302,"column":79},"end":{"line":302,"column":81},"skip":true}]},"25":{"line":305,"type":"if","locations":[{"start":{"line":305,"column":8},"end":{"line":305,"column":8},"skip":true},{"start":{"line":305,"column":8},"end":{"line":305,"column":8},"skip":true}]},"26":{"line":309,"type":"if","locations":[{"start":{"line":309,"column":8},"end":{"line":309,"column":8},"skip":true},{"start":{"line":309,"column":8},"end":{"line":309,"column":8},"skip":true}]},"27":{"line":312,"type":"binary-expr","locations":[{"start":{"line":312,"column":27},"end":{"line":312,"column":43},"skip":true},{"start":{"line":312,"column":47},"end":{"line":312,"column":53},"skip":true}]},"28":{"line":316,"type":"if","locations":[{"start":{"line":316,"column":12},"end":{"line":316,"column":12},"skip":true},{"start":{"line":316,"column":12},"end":{"line":316,"column":12},"skip":true}]}},"code":["/*","example.js","","quickstart example","","instruction","    1. save this script as example.js","    2. run the shell command:","        $ npm install npmtest-retire && PORT=8081 node example.js","    3. play with the browser-demo on http://127.0.0.1:8081","*/","","","","/* istanbul instrument in package npmtest_retire */","/*jslint","    bitwise: true,","    browser: true,","    maxerr: 8,","    maxlen: 96,","    node: true,","    nomen: true,","    regexp: true,","    stupid: true","*/","(function () {","    'use strict';","    var local;","","","","    // run shared js-env code - pre-init","    (function () {","        // init local","        local = {};","        // init modeJs","        local.modeJs = (function () {","            try {","                return typeof navigator.userAgent === 'string' &&","                    typeof document.querySelector('body') === 'object' &&","                    typeof XMLHttpRequest.prototype.open === 'function' &&","                    'browser';","            } catch (errorCaughtBrowser) {","                return module.exports &&","                    typeof process.versions.node === 'string' &&","                    typeof require('http').createServer === 'function' &&","                    'node';","            }","        }());","        // init global","        local.global = local.modeJs === 'browser'","            ? window","            : global;","        // init utility2_rollup","        local = local.global.utility2_rollup || (local.modeJs === 'browser'","            ? local.global.utility2_npmtest_retire","            : global.utility2_moduleExports);","        // export local","        local.global.local = local;","    }());","    switch (local.modeJs) {","","","","    // post-init","    // run browser js-env code - post-init","    /* istanbul ignore next */","    case 'browser':","        local.testRunBrowser = function (event) {","            if (!event || (event &&","                    event.currentTarget &&","                    event.currentTarget.className &&","                    event.currentTarget.className.includes &&","                    event.currentTarget.className.includes('onreset'))) {","                // reset output","                Array.from(","                    document.querySelectorAll('body > .resettable')","                ).forEach(function (element) {","                    switch (element.tagName) {","                    case 'INPUT':","                    case 'TEXTAREA':","                        element.value = '';","                        break;","                    default:","                        element.textContent = '';","                    }","                });","            }","            switch (event && event.currentTarget && event.currentTarget.id) {","            case 'testRunButton1':","                // show tests","                if (document.querySelector('#testReportDiv1').style.display === 'none') {","                    document.querySelector('#testReportDiv1').style.display = 'block';","                    document.querySelector('#testRunButton1').textContent =","                        'hide internal test';","                    local.modeTest = true;","                    local.testRunDefault(local);","                // hide tests","                } else {","                    document.querySelector('#testReportDiv1').style.display = 'none';","                    document.querySelector('#testRunButton1').textContent = 'run internal test';","                }","                break;","            // custom-case","            default:","                break;","            }","            if (document.querySelector('#inputTextareaEval1') && (!event || (event &&","                    event.currentTarget &&","                    event.currentTarget.className &&","                    event.currentTarget.className.includes &&","                    event.currentTarget.className.includes('oneval')))) {","                // try to eval input-code","                try {","                    /*jslint evil: true*/","                    eval(document.querySelector('#inputTextareaEval1').value);","                } catch (errorCaught) {","                    console.error(errorCaught);","                }","            }","        };","        // log stderr and stdout to #outputTextareaStdout1","        ['error', 'log'].forEach(function (key) {","            console[key + '_original'] = console[key];","            console[key] = function () {","                var element;","                console[key + '_original'].apply(console, arguments);","                element = document.querySelector('#outputTextareaStdout1');","                if (!element) {","                    return;","                }","                // append text to #outputTextareaStdout1","                element.value += Array.from(arguments).map(function (arg) {","                    return typeof arg === 'string'","                        ? arg","                        : JSON.stringify(arg, null, 4);","                }).join(' ') + '\\n';","                // scroll textarea to bottom","                element.scrollTop = element.scrollHeight;","            };","        });","        // init event-handling","        ['change', 'click', 'keyup'].forEach(function (event) {","            Array.from(document.querySelectorAll('.on' + event)).forEach(function (element) {","                element.addEventListener(event, local.testRunBrowser);","            });","        });","        // run tests","        local.testRunBrowser();","        break;","","","","    // run node js-env code - post-init","    /* istanbul ignore next */","    case 'node':","        // export local","        module.exports = local;","        // require modules","        local.fs = require('fs');","        local.http = require('http');","        local.url = require('url');","        // init assets","        local.assetsDict = local.assetsDict || {};","        /* jslint-ignore-begin */","        local.assetsDict['/assets.index.template.html'] = '\\","<!doctype html>\\n\\","<html lang=\"en\">\\n\\","<head>\\n\\","<meta charset=\"UTF-8\">\\n\\","<meta name=\"viewport\" content=\"width=device-width, initial-scale=1\">\\n\\","<title>{{env.npm_package_name}} (v{{env.npm_package_version}})</title>\\n\\","<style>\\n\\","/*csslint\\n\\","    box-sizing: false,\\n\\","    universal-selector: false\\n\\","*/\\n\\","* {\\n\\","    box-sizing: border-box;\\n\\","}\\n\\","body {\\n\\","    background: #dde;\\n\\","    font-family: Arial, Helvetica, sans-serif;\\n\\","    margin: 2rem;\\n\\","}\\n\\","body > * {\\n\\","    margin-bottom: 1rem;\\n\\","}\\n\\",".utility2FooterDiv {\\n\\","    margin-top: 20px;\\n\\","    text-align: center;\\n\\","}\\n\\","</style>\\n\\","<style>\\n\\","/*csslint\\n\\","*/\\n\\","textarea {\\n\\","    font-family: monospace;\\n\\","    height: 10rem;\\n\\","    width: 100%;\\n\\","}\\n\\","textarea[readonly] {\\n\\","    background: #ddd;\\n\\","}\\n\\","</style>\\n\\","</head>\\n\\","<body>\\n\\","<!-- utility2-comment\\n\\","<div id=\"ajaxProgressDiv1\" style=\"background: #d00; height: 2px; left: 0; margin: 0; padding: 0; position: fixed; top: 0; transition: background 0.5s, width 1.5s; width: 25%;\"></div>\\n\\","utility2-comment -->\\n\\","<h1>\\n\\","<!-- utility2-comment\\n\\","    <a\\n\\","        {{#if env.npm_package_homepage}}\\n\\","        href=\"{{env.npm_package_homepage}}\"\\n\\","        {{/if env.npm_package_homepage}}\\n\\","        target=\"_blank\"\\n\\","    >\\n\\","utility2-comment -->\\n\\","        {{env.npm_package_name}} (v{{env.npm_package_version}})\\n\\","<!-- utility2-comment\\n\\","    </a>\\n\\","utility2-comment -->\\n\\","</h1>\\n\\","<h3>{{env.npm_package_description}}</h3>\\n\\","<!-- utility2-comment\\n\\","<h4><a download href=\"assets.app.js\">download standalone app</a></h4>\\n\\","<button class=\"onclick onreset\" id=\"testRunButton1\">run internal test</button><br>\\n\\","<div id=\"testReportDiv1\" style=\"display: none;\"></div>\\n\\","utility2-comment -->\\n\\","\\n\\","\\n\\","\\n\\","<label>stderr and stdout</label>\\n\\","<textarea class=\"resettable\" id=\"outputTextareaStdout1\" readonly></textarea>\\n\\","<!-- utility2-comment\\n\\","{{#if isRollup}}\\n\\","<script src=\"assets.app.js\"></script>\\n\\","{{#unless isRollup}}\\n\\","utility2-comment -->\\n\\","<script src=\"assets.utility2.rollup.js\"></script>\\n\\","<script src=\"jsonp.utility2._stateInit?callback=window.utility2._stateInit\"></script>\\n\\","<script src=\"assets.npmtest_retire.rollup.js\"></script>\\n\\","<script src=\"assets.example.js\"></script>\\n\\","<script src=\"assets.test.js\"></script>\\n\\","<!-- utility2-comment\\n\\","{{/if isRollup}}\\n\\","utility2-comment -->\\n\\","<div class=\"utility2FooterDiv\">\\n\\","    [ this app was created with\\n\\","    <a href=\"https://github.com/kaizhu256/node-utility2\" target=\"_blank\">utility2</a>\\n\\","    ]\\n\\","</div>\\n\\","</body>\\n\\","</html>\\n\\","';","        /* jslint-ignore-end */","        if (local.templateRender) {","            local.assetsDict['/'] = local.templateRender(","                local.assetsDict['/assets.index.template.html'],","                {","                    env: local.objectSetDefault(local.env, {","                        npm_package_description: 'the greatest app in the world!',","                        npm_package_name: 'my-app',","                        npm_package_nameAlias: 'my_app',","                        npm_package_version: '0.0.1'","                    })","                }","            );","        } else {","            local.assetsDict['/'] = local.assetsDict['/assets.index.template.html']","                .replace((/\\{\\{env\\.(\\w+?)\\}\\}/g), function (match0, match1) {","                    // jslint-hack","                    String(match0);","                    switch (match1) {","                    case 'npm_package_description':","                        return 'the greatest app in the world!';","                    case 'npm_package_name':","                        return 'my-app';","                    case 'npm_package_nameAlias':","                        return 'my_app';","                    case 'npm_package_version':","                        return '0.0.1';","                    }","                });","        }","        // run the cli","        if (local.global.utility2_rollup || module !== require.main) {","            break;","        }","        local.assetsDict['/assets.example.js'] =","            local.assetsDict['/assets.example.js'] ||","            local.fs.readFileSync(__filename, 'utf8');","        local.assetsDict['/assets.npmtest_retire.rollup.js'] =","            local.assetsDict['/assets.npmtest_retire.rollup.js'] ||","            local.fs.readFileSync(","                // buildCustomOrg-hack","                local.npmtest_retire.__dirname +","                    '/lib.npmtest_retire.js',","                'utf8'","            ).replace((/^#!/), '//');","        local.assetsDict['/favicon.ico'] = local.assetsDict['/favicon.ico'] || '';","        // if $npm_config_timeout_exit exists,","        // then exit this process after $npm_config_timeout_exit ms","        if (Number(process.env.npm_config_timeout_exit)) {","            setTimeout(process.exit, Number(process.env.npm_config_timeout_exit));","        }","        // start server","        if (local.global.utility2_serverHttp1) {","            break;","        }","        process.env.PORT = process.env.PORT || '8081';","        console.error('server starting on port ' + process.env.PORT);","        local.http.createServer(function (request, response) {","            request.urlParsed = local.url.parse(request.url);","            if (local.assetsDict[request.urlParsed.pathname] !== undefined) {","                response.end(local.assetsDict[request.urlParsed.pathname]);","                return;","            }","            response.statusCode = 404;","            response.end();","        }).listen(process.env.PORT);","        break;","    }","}());",""],"l":{"26":2,"28":2,"33":2,"35":2,"37":2,"38":2,"39":2,"44":1,"51":2,"55":2,"59":2,"61":2,"69":1,"70":2,"76":2,"79":2,"82":2,"83":2,"85":1,"89":2,"92":1,"93":1,"94":1,"96":1,"97":1,"100":1,"101":1,"103":1,"106":1,"108":2,"114":1,"116":1,"118":1,"123":1,"124":2,"125":2,"126":2,"127":2,"128":2,"129":2,"130":1,"133":2,"134":2,"139":2,"143":1,"144":3,"145":1,"149":1,"150":1,"158":1,"160":1,"161":1,"162":1,"164":1,"166":1,"258":1,"259":1,"271":1,"274":6,"275":6,"277":1,"279":2,"281":1,"283":2,"288":1,"289":1,"291":1,"294":1,"302":1,"305":1,"306":1,"309":1,"310":1,"312":1,"313":1,"314":1,"315":1,"316":1,"317":1,"318":1,"320":1,"321":1,"323":1}},"/home/travis/build/npmtest/node-npmtest-retire/node_modules/retire/lib/retire.js":{"path":"/home/travis/build/npmtest/node-npmtest-retire/node_modules/retire/lib/retire.js","s":{"1":1,"2":1,"3":1,"4":0,"5":1,"6":0,"7":0,"8":0,"9":0,"10":0,"11":1,"12":0,"13":0,"14":0,"15":0,"16":0,"17":0,"18":0,"19":0,"20":0,"21":0,"22":0,"23":1,"24":0,"25":0,"26":0,"27":1,"28":0,"29":0,"30":0,"31":0,"32":0,"33":0,"34":0,"35":0,"36":1,"37":0,"38":0,"39":0,"40":0,"41":0,"42":0,"43":0,"44":0,"45":1,"46":0,"47":0,"48":0,"49":0,"50":0,"51":0,"52":0,"53":0,"54":0,"55":0,"56":0,"57":0,"58":0,"59":0,"60":0,"61":0,"62":0,"63":1,"64":0,"65":0,"66":0,"67":0,"68":0,"69":1,"70":0,"71":0,"72":0,"73":0,"74":0,"75":0,"76":0,"77":0,"78":0,"79":0,"80":0,"81":0,"82":0,"83":1,"84":0,"85":0,"86":0,"87":0,"88":0,"89":1,"90":0,"91":1,"92":0,"93":1,"94":0,"95":0,"96":0,"97":0,"98":1,"99":0,"100":0,"101":1,"102":0,"103":0,"104":1,"105":0,"106":0,"107":0,"108":0,"109":0,"110":0,"111":1,"112":0,"113":0,"114":0,"115":0,"116":0,"117":0},"b":{"1":[1,0],"2":[0,0],"3":[0,0],"4":[0,0],"5":[0,0],"6":[0,0],"7":[0,0],"8":[0,0],"9":[0,0],"10":[0,0],"11":[0,0],"12":[0,0],"13":[0,0],"14":[0,0],"15":[0,0],"16":[0,0],"17":[0,0],"18":[0,0],"19":[0,0],"20":[0,0],"21":[0,0],"22":[0,0],"23":[0,0],"24":[0,0],"25":[0,0],"26":[0,0],"27":[0,0],"28":[0,0],"29":[0,0]},"f":{"1":0,"2":0,"3":0,"4":0,"5":0,"6":0,"7":0,"8":0,"9":0,"10":0,"11":0,"12":0,"13":0,"14":0,"15":0,"16":0,"17":0,"18":0,"19":0},"fnMap":{"1":{"name":"isDefined","line":9,"loc":{"start":{"line":9,"column":0},"end":{"line":9,"column":22}}},"2":{"name":"uniq","line":13,"loc":{"start":{"line":13,"column":0},"end":{"line":13,"column":22}}},"3":{"name":"(anonymous_3)","line":15,"loc":{"start":{"line":15,"column":23},"end":{"line":15,"column":35}}},"4":{"name":"scan","line":22,"loc":{"start":{"line":22,"column":0},"end":{"line":22,"column":46}}},"5":{"name":"simpleMatch","line":38,"loc":{"start":{"line":38,"column":0},"end":{"line":38,"column":34}}},"6":{"name":"replacementMatch","line":43,"loc":{"start":{"line":43,"column":0},"end":{"line":43,"column":39}}},"7":{"name":"scanhash","line":56,"loc":{"start":{"line":56,"column":0},"end":{"line":56,"column":30}}},"8":{"name":"check","line":69,"loc":{"start":{"line":69,"column":0},"end":{"line":69,"column":30}}},"9":{"name":"unique","line":94,"loc":{"start":{"line":94,"column":0},"end":{"line":94,"column":20}}},"10":{"name":"(anonymous_10)","line":96,"loc":{"start":{"line":96,"column":12},"end":{"line":96,"column":24}}},"11":{"name":"isAtOrAbove","line":103,"loc":{"start":{"line":103,"column":0},"end":{"line":103,"column":41}}},"12":{"name":"toComparable","line":117,"loc":{"start":{"line":117,"column":0},"end":{"line":117,"column":25}}},"13":{"name":"(anonymous_13)","line":128,"loc":{"start":{"line":128,"column":16},"end":{"line":128,"column":51}}},"14":{"name":"(anonymous_14)","line":132,"loc":{"start":{"line":132,"column":25},"end":{"line":132,"column":52}}},"15":{"name":"(anonymous_15)","line":136,"loc":{"start":{"line":136,"column":23},"end":{"line":136,"column":41}}},"16":{"name":"(anonymous_16)","line":143,"loc":{"start":{"line":143,"column":18},"end":{"line":143,"column":38}}},"17":{"name":"(anonymous_17)","line":148,"loc":{"start":{"line":148,"column":23},"end":{"line":148,"column":48}}},"18":{"name":"(anonymous_18)","line":153,"loc":{"start":{"line":153,"column":26},"end":{"line":153,"column":58}}},"19":{"name":"(anonymous_19)","line":164,"loc":{"start":{"line":164,"column":29},"end":{"line":164,"column":59}}}},"statementMap":{"1":{"start":{"line":6,"column":0},"end":{"line":6,"column":28}},"2":{"start":{"line":7,"column":0},"end":{"line":7,"column":27}},"3":{"start":{"line":9,"column":0},"end":{"line":11,"column":1}},"4":{"start":{"line":10,"column":1},"end":{"line":10,"column":33}},"5":{"start":{"line":13,"column":0},"end":{"line":20,"column":1}},"6":{"start":{"line":14,"column":1},"end":{"line":14,"column":15}},"7":{"start":{"line":15,"column":1},"end":{"line":19,"column":4}},"8":{"start":{"line":16,"column":2},"end":{"line":16,"column":40}},"9":{"start":{"line":17,"column":2},"end":{"line":17,"column":25}},"10":{"start":{"line":18,"column":2},"end":{"line":18,"column":25}},"11":{"start":{"line":22,"column":0},"end":{"line":36,"column":1}},"12":{"start":{"line":23,"column":1},"end":{"line":23,"column":34}},"13":{"start":{"line":24,"column":1},"end":{"line":24,"column":19}},"14":{"start":{"line":25,"column":1},"end":{"line":34,"column":2}},"15":{"start":{"line":26,"column":2},"end":{"line":26,"column":57}},"16":{"start":{"line":27,"column":2},"end":{"line":27,"column":39}},"17":{"start":{"line":27,"column":30},"end":{"line":27,"column":39}},"18":{"start":{"line":28,"column":2},"end":{"line":33,"column":3}},"19":{"start":{"line":29,"column":3},"end":{"line":29,"column":44}},"20":{"start":{"line":30,"column":3},"end":{"line":32,"column":4}},"21":{"start":{"line":31,"column":4},"end":{"line":31,"column":82}},"22":{"start":{"line":35,"column":1},"end":{"line":35,"column":23}},"23":{"start":{"line":38,"column":0},"end":{"line":42,"column":1}},"24":{"start":{"line":39,"column":1},"end":{"line":39,"column":28}},"25":{"start":{"line":40,"column":1},"end":{"line":40,"column":27}},"26":{"start":{"line":41,"column":1},"end":{"line":41,"column":32}},"27":{"start":{"line":43,"column":0},"end":{"line":53,"column":1}},"28":{"start":{"line":44,"column":1},"end":{"line":44,"column":50}},"29":{"start":{"line":45,"column":1},"end":{"line":45,"column":28}},"30":{"start":{"line":46,"column":1},"end":{"line":46,"column":27}},"31":{"start":{"line":47,"column":1},"end":{"line":47,"column":16}},"32":{"start":{"line":48,"column":1},"end":{"line":51,"column":2}},"33":{"start":{"line":49,"column":2},"end":{"line":49,"column":51}},"34":{"start":{"line":50,"column":2},"end":{"line":50,"column":13}},"35":{"start":{"line":52,"column":1},"end":{"line":52,"column":13}},"36":{"start":{"line":56,"column":0},"end":{"line":65,"column":1}},"37":{"start":{"line":57,"column":1},"end":{"line":63,"column":2}},"38":{"start":{"line":58,"column":2},"end":{"line":58,"column":49}},"39":{"start":{"line":59,"column":2},"end":{"line":59,"column":35}},"40":{"start":{"line":59,"column":26},"end":{"line":59,"column":35}},"41":{"start":{"line":60,"column":2},"end":{"line":62,"column":3}},"42":{"start":{"line":61,"column":3},"end":{"line":61,"column":92}},"43":{"start":{"line":61,"column":19},"end":{"line":61,"column":92}},"44":{"start":{"line":64,"column":1},"end":{"line":64,"column":11}},"45":{"start":{"line":69,"column":0},"end":{"line":92,"column":1}},"46":{"start":{"line":70,"column":1},"end":{"line":90,"column":2}},"47":{"start":{"line":71,"column":2},"end":{"line":71,"column":26}},"48":{"start":{"line":72,"column":2},"end":{"line":72,"column":51}},"49":{"start":{"line":72,"column":42},"end":{"line":72,"column":51}},"50":{"start":{"line":73,"column":2},"end":{"line":73,"column":53}},"51":{"start":{"line":74,"column":2},"end":{"line":89,"column":3}},"52":{"start":{"line":75,"column":3},"end":{"line":88,"column":4}},"53":{"start":{"line":76,"column":4},"end":{"line":78,"column":5}},"54":{"start":{"line":77,"column":5},"end":{"line":77,"column":14}},"55":{"start":{"line":79,"column":4},"end":{"line":79,"column":49}},"56":{"start":{"line":80,"column":4},"end":{"line":82,"column":5}},"57":{"start":{"line":81,"column":5},"end":{"line":81,"column":48}},"58":{"start":{"line":83,"column":4},"end":{"line":85,"column":5}},"59":{"start":{"line":84,"column":5},"end":{"line":84,"column":54}},"60":{"start":{"line":86,"column":4},"end":{"line":86,"column":58}},"61":{"start":{"line":87,"column":4},"end":{"line":87,"column":47}},"62":{"start":{"line":91,"column":1},"end":{"line":91,"column":16}},"63":{"start":{"line":94,"column":0},"end":{"line":100,"column":1}},"64":{"start":{"line":95,"column":1},"end":{"line":95,"column":12}},"65":{"start":{"line":96,"column":1},"end":{"line":98,"column":4}},"66":{"start":{"line":97,"column":2},"end":{"line":97,"column":36}},"67":{"start":{"line":97,"column":26},"end":{"line":97,"column":36}},"68":{"start":{"line":99,"column":1},"end":{"line":99,"column":10}},"69":{"start":{"line":103,"column":0},"end":{"line":115,"column":1}},"70":{"start":{"line":104,"column":1},"end":{"line":104,"column":36}},"71":{"start":{"line":105,"column":1},"end":{"line":105,"column":36}},"72":{"start":{"line":106,"column":1},"end":{"line":106,"column":55}},"73":{"start":{"line":107,"column":1},"end":{"line":113,"column":2}},"74":{"start":{"line":108,"column":2},"end":{"line":108,"column":33}},"75":{"start":{"line":109,"column":2},"end":{"line":109,"column":33}},"76":{"start":{"line":110,"column":2},"end":{"line":110,"column":67}},"77":{"start":{"line":110,"column":35},"end":{"line":110,"column":67}},"78":{"start":{"line":111,"column":2},"end":{"line":111,"column":31}},"79":{"start":{"line":111,"column":19},"end":{"line":111,"column":31}},"80":{"start":{"line":112,"column":2},"end":{"line":112,"column":32}},"81":{"start":{"line":112,"column":19},"end":{"line":112,"column":32}},"82":{"start":{"line":114,"column":1},"end":{"line":114,"column":13}},"83":{"start":{"line":117,"column":0},"end":{"line":123,"column":1}},"84":{"start":{"line":118,"column":1},"end":{"line":118,"column":29}},"85":{"start":{"line":118,"column":20},"end":{"line":118,"column":29}},"86":{"start":{"line":119,"column":1},"end":{"line":121,"column":2}},"87":{"start":{"line":120,"column":2},"end":{"line":120,"column":25}},"88":{"start":{"line":122,"column":1},"end":{"line":122,"column":10}},"89":{"start":{"line":128,"column":0},"end":{"line":130,"column":2}},"90":{"start":{"line":129,"column":1},"end":{"line":129,"column":64}},"91":{"start":{"line":132,"column":0},"end":{"line":134,"column":2}},"92":{"start":{"line":133,"column":1},"end":{"line":133,"column":74}},"93":{"start":{"line":136,"column":0},"end":{"line":141,"column":2}},"94":{"start":{"line":137,"column":1},"end":{"line":139,"column":2}},"95":{"start":{"line":138,"column":2},"end":{"line":138,"column":64}},"96":{"start":{"line":138,"column":52},"end":{"line":138,"column":64}},"97":{"start":{"line":140,"column":1},"end":{"line":140,"column":14}},"98":{"start":{"line":143,"column":0},"end":{"line":146,"column":2}},"99":{"start":{"line":144,"column":1},"end":{"line":144,"column":37}},"100":{"start":{"line":145,"column":1},"end":{"line":145,"column":28}},"101":{"start":{"line":148,"column":0},"end":{"line":151,"column":2}},"102":{"start":{"line":149,"column":1},"end":{"line":149,"column":47}},"103":{"start":{"line":150,"column":1},"end":{"line":150,"column":28}},"104":{"start":{"line":153,"column":0},"end":{"line":162,"column":2}},"105":{"start":{"line":154,"column":1},"end":{"line":154,"column":49}},"106":{"start":{"line":155,"column":1},"end":{"line":157,"column":2}},"107":{"start":{"line":156,"column":2},"end":{"line":156,"column":71}},"108":{"start":{"line":158,"column":1},"end":{"line":160,"column":2}},"109":{"start":{"line":159,"column":2},"end":{"line":159,"column":48}},"110":{"start":{"line":161,"column":1},"end":{"line":161,"column":28}},"111":{"start":{"line":164,"column":0},"end":{"line":171,"column":2}},"112":{"start":{"line":165,"column":1},"end":{"line":168,"column":2}},"113":{"start":{"line":166,"column":2},"end":{"line":166,"column":94}},"114":{"start":{"line":167,"column":2},"end":{"line":167,"column":12}},"115":{"start":{"line":169,"column":1},"end":{"line":169,"column":58}},"116":{"start":{"line":169,"column":48},"end":{"line":169,"column":58}},"117":{"start":{"line":170,"column":1},"end":{"line":170,"column":37}}},"branchMap":{"1":{"line":6,"type":"binary-expr","locations":[{"start":{"line":6,"column":14},"end":{"line":6,"column":21}},{"start":{"line":6,"column":25},"end":{"line":6,"column":27}}]},"2":{"line":17,"type":"binary-expr","locations":[{"start":{"line":17,"column":12},"end":{"line":17,"column":19}},{"start":{"line":17,"column":23},"end":{"line":17,"column":24}}]},"3":{"line":23,"type":"binary-expr","locations":[{"start":{"line":23,"column":11},"end":{"line":23,"column":18}},{"start":{"line":23,"column":22},"end":{"line":23,"column":33}}]},"4":{"line":27,"type":"if","locations":[{"start":{"line":27,"column":2},"end":{"line":27,"column":2}},{"start":{"line":27,"column":2},"end":{"line":27,"column":2}}]},"5":{"line":30,"type":"if","locations":[{"start":{"line":30,"column":3},"end":{"line":30,"column":3}},{"start":{"line":30,"column":3},"end":{"line":30,"column":3}}]},"6":{"line":41,"type":"cond-expr","locations":[{"start":{"line":41,"column":16},"end":{"line":41,"column":24}},{"start":{"line":41,"column":27},"end":{"line":41,"column":31}}]},"7":{"line":48,"type":"if","locations":[{"start":{"line":48,"column":1},"end":{"line":48,"column":1}},{"start":{"line":48,"column":1},"end":{"line":48,"column":1}}]},"8":{"line":59,"type":"if","locations":[{"start":{"line":59,"column":2},"end":{"line":59,"column":2}},{"start":{"line":59,"column":2},"end":{"line":59,"column":2}}]},"9":{"line":61,"type":"if","locations":[{"start":{"line":61,"column":3},"end":{"line":61,"column":3}},{"start":{"line":61,"column":3},"end":{"line":61,"column":3}}]},"10":{"line":72,"type":"if","locations":[{"start":{"line":72,"column":2},"end":{"line":72,"column":2}},{"start":{"line":72,"column":2},"end":{"line":72,"column":2}}]},"11":{"line":75,"type":"if","locations":[{"start":{"line":75,"column":3},"end":{"line":75,"column":3}},{"start":{"line":75,"column":3},"end":{"line":75,"column":3}}]},"12":{"line":75,"type":"binary-expr","locations":[{"start":{"line":75,"column":7},"end":{"line":75,"column":33}},{"start":{"line":75,"column":37},"end":{"line":75,"column":81}}]},"13":{"line":76,"type":"if","locations":[{"start":{"line":76,"column":4},"end":{"line":76,"column":4}},{"start":{"line":76,"column":4},"end":{"line":76,"column":4}}]},"14":{"line":76,"type":"binary-expr","locations":[{"start":{"line":76,"column":8},"end":{"line":76,"column":37}},{"start":{"line":76,"column":41},"end":{"line":76,"column":89}}]},"15":{"line":80,"type":"if","locations":[{"start":{"line":80,"column":4},"end":{"line":80,"column":4}},{"start":{"line":80,"column":4},"end":{"line":80,"column":4}}]},"16":{"line":83,"type":"if","locations":[{"start":{"line":83,"column":4},"end":{"line":83,"column":4}},{"start":{"line":83,"column":4},"end":{"line":83,"column":4}}]},"17":{"line":86,"type":"binary-expr","locations":[{"start":{"line":86,"column":29},"end":{"line":86,"column":51}},{"start":{"line":86,"column":55},"end":{"line":86,"column":57}}]},"18":{"line":97,"type":"if","locations":[{"start":{"line":97,"column":2},"end":{"line":97,"column":2}},{"start":{"line":97,"column":2},"end":{"line":97,"column":2}}]},"19":{"line":106,"type":"cond-expr","locations":[{"start":{"line":106,"column":33},"end":{"line":106,"column":42}},{"start":{"line":106,"column":45},"end":{"line":106,"column":54}}]},"20":{"line":110,"type":"if","locations":[{"start":{"line":110,"column":2},"end":{"line":110,"column":2}},{"start":{"line":110,"column":2},"end":{"line":110,"column":2}}]},"21":{"line":111,"type":"if","locations":[{"start":{"line":111,"column":2},"end":{"line":111,"column":2}},{"start":{"line":111,"column":2},"end":{"line":111,"column":2}}]},"22":{"line":112,"type":"if","locations":[{"start":{"line":112,"column":2},"end":{"line":112,"column":2}},{"start":{"line":112,"column":2},"end":{"line":112,"column":2}}]},"23":{"line":118,"type":"if","locations":[{"start":{"line":118,"column":1},"end":{"line":118,"column":1}},{"start":{"line":118,"column":1},"end":{"line":118,"column":1}}]},"24":{"line":119,"type":"if","locations":[{"start":{"line":119,"column":1},"end":{"line":119,"column":1}},{"start":{"line":119,"column":1},"end":{"line":119,"column":1}}]},"25":{"line":138,"type":"if","locations":[{"start":{"line":138,"column":2},"end":{"line":138,"column":2}},{"start":{"line":138,"column":2},"end":{"line":138,"column":2}}]},"26":{"line":155,"type":"if","locations":[{"start":{"line":155,"column":1},"end":{"line":155,"column":1}},{"start":{"line":155,"column":1},"end":{"line":155,"column":1}}]},"27":{"line":158,"type":"if","locations":[{"start":{"line":158,"column":1},"end":{"line":158,"column":1}},{"start":{"line":158,"column":1},"end":{"line":158,"column":1}}]},"28":{"line":165,"type":"if","locations":[{"start":{"line":165,"column":1},"end":{"line":165,"column":1}},{"start":{"line":165,"column":1},"end":{"line":165,"column":1}}]},"29":{"line":169,"type":"if","locations":[{"start":{"line":169,"column":1},"end":{"line":169,"column":1}},{"start":{"line":169,"column":1},"end":{"line":169,"column":1}}]}},"code":["/* "," * This file is used by the browser plugins and the Cli scanner and thus "," * cannot have any external dependencies (no require)\t"," */","","var exports = exports || {};","exports.version = '1.2.12';","","function isDefined(o) {","\treturn typeof o !== 'undefined';","}","","function uniq(results){","\tvar keys = {};","\treturn results.filter(function(r) {","\t\tvar k = r.component + ' ' + r.version;","\t\tkeys[k] = keys[k] || 0;","\t\treturn keys[k]++ === 0;","\t});","}","","function scan(data, extractor, repo, matcher) {","\tmatcher = matcher || simpleMatch;","\tvar detected = [];","\tfor (var component in repo) {","\t\tvar extractors = repo[component].extractors[extractor];","\t\tif (!isDefined(extractors)) continue;","\t\tfor (var i in extractors) {","\t\t\tvar match = matcher(extractors[i], data);","\t\t\tif (match) {","\t\t\t\tdetected.push({ version: match, component: component, detection: extractor });","\t\t\t}","\t\t}","\t}","\treturn uniq(detected);","}","","function simpleMatch(regex, data) {","\tvar re = new RegExp(regex);","\tvar match = re.exec(data);","\treturn match ? match[1] : null;","}","function replacementMatch(regex, data) {","\tvar ar = /^\\/(.*[^\\\\])\\/([^\\/]+)\\/$/.exec(regex);","\tvar re = new RegExp(ar[1]);","\tvar match = re.exec(data);","\tvar ver = null;","\tif (match) {","\t\tver = match[0].replace(new RegExp(ar[1]), ar[2]);","\t\treturn ver;","\t}","\treturn null;","}","","","function scanhash(hash, repo) {","\tfor (var component in repo) {","\t\tvar hashes = repo[component].extractors.hashes;","\t\tif (!isDefined(hashes)) continue;","\t\tfor (var i in hashes) {","\t\t\tif (i === hash) return [{ version: hashes[i], component: component, detection: 'hash' }];","\t\t}","\t}","\treturn [];","}","","","","function check(results, repo) {","\tfor (var r in results) {","\t\tvar result = results[r];","\t\tif (!isDefined(repo[result.component])) continue;","\t\tvar vulns = repo[result.component].vulnerabilities;","\t\tfor (var i in vulns) {","\t\t\tif (!isDefined(vulns[i].below) || !isAtOrAbove(result.version, vulns[i].below)) {","\t\t\t\tif (isDefined(vulns[i].atOrAbove) && !isAtOrAbove(result.version, vulns[i].atOrAbove)) {","\t\t\t\t\tcontinue;","\t\t\t\t}","\t\t\t\tvar vulnerability = { info : vulns[i].info };","\t\t\t\tif (vulns[i].severity) {","\t\t\t\t\tvulnerability.severity = vulns[i].severity;","\t\t\t\t}","\t\t\t\tif (vulns[i].identifiers) {","\t\t\t\t\tvulnerability.identifiers = vulns[i].identifiers;","\t\t\t\t}","\t\t\t\tresult.vulnerabilities = result.vulnerabilities || [];","\t\t\t\tresult.vulnerabilities.push(vulnerability);","\t\t\t}","\t\t}","\t}","\treturn results;","}","","function unique(ar) {","\tvar r = [];","\tar.forEach(function(e) { ","\t\tif (r.indexOf(e) == -1) r.push(e);","\t});","\treturn r;","}","","","function isAtOrAbove(version1, version2) {","\tvar v1 = version1.split(/[\\.\\-]/g);","\tvar v2 = version2.split(/[\\.\\-]/g);","\tvar l = v1.length > v2.length ? v1.length : v2.length;","\tfor (var i = 0; i < l; i++) {","\t\tvar v1_c = toComparable(v1[i]);","\t\tvar v2_c = toComparable(v2[i]);","\t\tif (typeof v1_c !== typeof v2_c) return typeof v1_c === 'number';","\t\tif (v1_c > v2_c) return true;","\t\tif (v1_c < v2_c) return false;","\t}","\treturn true;","}","","function toComparable(n) {","\tif (!isDefined(n)) return 0;","\tif (n.match(/^[0-9]+$/)) {","\t\treturn parseInt(n, 10);","\t}","\treturn n;","}","","","//------- External API -------","","exports.check = function(component, version, repo) {","\treturn check([{component: component, version: version}], repo);","};","","exports.replaceVersion = function(jsRepoJsonAsText) {","\treturn jsRepoJsonAsText.replace(/§§version§§/g, '[0-9][0-9.a-z_\\\\\\\\-]+');","};","","exports.isVulnerable = function(results) {","\tfor (var r in results) {","\t\tif (results[r].hasOwnProperty('vulnerabilities')) return true;","\t}","\treturn false;","};","","exports.scanUri = function(uri, repo) {","\tvar result = scan(uri, 'uri', repo);","\treturn check(result, repo);","};","","exports.scanFileName = function(fileName, repo) {","\tvar result = scan(fileName, 'filename', repo);","\treturn check(result, repo);","};","","exports.scanFileContent = function(content, repo, hasher) {","\tvar result = scan(content, 'filecontent', repo);","\tif (result.length === 0) {","\t\tresult = scan(content, 'filecontentreplace', repo, replacementMatch);","\t}","\tif (result.length === 0) {","\t\tresult = scanhash(hasher.sha1(content), repo);","\t}","\treturn check(result, repo);","};","","exports.scanNodeDependency = function(dependency, npmrepo) {","\tif (!isDefined(dependency.version)) {","\t\tconsole.warn('Missing version for ' + dependency.component + '. Need to run npm install ?');","\t\treturn [];","\t}","\tif (!isDefined(npmrepo[dependency.component])) return [];","\treturn check([dependency], npmrepo);","};","","","",""],"l":{"6":1,"7":1,"9":1,"10":0,"13":1,"14":0,"15":0,"16":0,"17":0,"18":0,"22":1,"23":0,"24":0,"25":0,"26":0,"27":0,"28":0,"29":0,"30":0,"31":0,"35":0,"38":1,"39":0,"40":0,"41":0,"43":1,"44":0,"45":0,"46":0,"47":0,"48":0,"49":0,"50":0,"52":0,"56":1,"57":0,"58":0,"59":0,"60":0,"61":0,"64":0,"69":1,"70":0,"71":0,"72":0,"73":0,"74":0,"75":0,"76":0,"77":0,"79":0,"80":0,"81":0,"83":0,"84":0,"86":0,"87":0,"91":0,"94":1,"95":0,"96":0,"97":0,"99":0,"103":1,"104":0,"105":0,"106":0,"107":0,"108":0,"109":0,"110":0,"111":0,"112":0,"114":0,"117":1,"118":0,"119":0,"120":0,"122":0,"128":1,"129":0,"132":1,"133":0,"136":1,"137":0,"138":0,"140":0,"143":1,"144":0,"145":0,"148":1,"149":0,"150":0,"153":1,"154":0,"155":0,"156":0,"158":0,"159":0,"161":0,"164":1,"165":0,"166":0,"167":0,"169":0,"170":0}},"/home/travis/build/npmtest/node-npmtest-retire/node_modules/retire/lib/repo.js":{"path":"/home/travis/build/npmtest/node-npmtest-retire/node_modules/retire/lib/repo.js","s":{"1":1,"2":1,"3":1,"4":0,"5":0,"6":0,"7":0,"8":0,"9":0,"10":0,"11":0,"12":0,"13":0,"14":0,"15":0,"16":0,"17":1,"18":0,"19":0,"20":0,"21":0,"22":0,"23":0,"24":0,"25":1,"26":0,"27":0,"28":0,"29":0,"30":0,"31":0,"32":0,"33":0,"34":0,"35":0,"36":0,"37":0,"38":0,"39":0,"40":0,"41":0,"42":0,"43":0,"44":1,"45":0,"46":0,"47":0,"48":0,"49":1,"50":0,"51":0},"b":{"1":[0,0],"2":[0,0],"3":[0,0],"4":[0,0],"5":[0,0],"6":[0,0],"7":[0,0],"8":[0,0],"9":[0,0],"10":[0,0]},"f":{"1":0,"2":0,"3":0,"4":0,"5":0,"6":0,"7":0,"8":0},"fnMap":{"1":{"name":"loadJson","line":12,"loc":{"start":{"line":12,"column":0},"end":{"line":12,"column":32}}},"2":{"name":"(anonymous_2)","line":20,"loc":{"start":{"line":20,"column":21},"end":{"line":20,"column":47}}},"3":{"name":"loadJsonFromFile","line":32,"loc":{"start":{"line":32,"column":0},"end":{"line":32,"column":41}}},"4":{"name":"(anonymous_4)","line":35,"loc":{"start":{"line":35,"column":44},"end":{"line":35,"column":64}}},"5":{"name":"loadFromCache","line":43,"loc":{"start":{"line":43,"column":0},"end":{"line":43,"column":47}}},"6":{"name":"(anonymous_6)","line":59,"loc":{"start":{"line":59,"column":38},"end":{"line":59,"column":53}}},"7":{"name":"(anonymous_7)","line":68,"loc":{"start":{"line":68,"column":25},"end":{"line":68,"column":52}}},"8":{"name":"(anonymous_8)","line":76,"loc":{"start":{"line":76,"column":33},"end":{"line":76,"column":61}}}},"statementMap":{"1":{"start":{"line":2,"column":0},"end":{"line":8,"column":31}},"2":{"start":{"line":9,"column":0},"end":{"line":9,"column":45}},"3":{"start":{"line":12,"column":0},"end":{"line":30,"column":1}},"4":{"start":{"line":13,"column":1},"end":{"line":13,"column":28}},"5":{"start":{"line":14,"column":4},"end":{"line":14,"column":22}},"6":{"start":{"line":15,"column":4},"end":{"line":15,"column":30}},"7":{"start":{"line":16,"column":1},"end":{"line":16,"column":44}},"8":{"start":{"line":17,"column":1},"end":{"line":19,"column":5}},"9":{"start":{"line":18,"column":8},"end":{"line":18,"column":62}},"10":{"start":{"line":20,"column":4},"end":{"line":28,"column":7}},"11":{"start":{"line":21,"column":8},"end":{"line":27,"column":9}},"12":{"start":{"line":22,"column":12},"end":{"line":22,"column":68}},"13":{"start":{"line":24,"column":12},"end":{"line":24,"column":66}},"14":{"start":{"line":25,"column":12},"end":{"line":25,"column":39}},"15":{"start":{"line":26,"column":12},"end":{"line":26,"column":37}},"16":{"start":{"line":29,"column":1},"end":{"line":29,"column":15}},"17":{"start":{"line":32,"column":0},"end":{"line":41,"column":1}},"18":{"start":{"line":33,"column":4},"end":{"line":33,"column":53}},"19":{"start":{"line":34,"column":1},"end":{"line":34,"column":28}},"20":{"start":{"line":35,"column":4},"end":{"line":39,"column":7}},"21":{"start":{"line":36,"column":8},"end":{"line":36,"column":62}},"22":{"start":{"line":37,"column":8},"end":{"line":37,"column":35}},"23":{"start":{"line":38,"column":8},"end":{"line":38,"column":33}},"24":{"start":{"line":40,"column":4},"end":{"line":40,"column":18}},"25":{"start":{"line":43,"column":0},"end":{"line":66,"column":1}},"26":{"start":{"line":44,"column":4},"end":{"line":44,"column":58}},"27":{"start":{"line":45,"column":4},"end":{"line":45,"column":57}},"28":{"start":{"line":45,"column":34},"end":{"line":45,"column":57}},"29":{"start":{"line":46,"column":4},"end":{"line":46,"column":89}},"30":{"start":{"line":47,"column":4},"end":{"line":47,"column":35}},"31":{"start":{"line":48,"column":4},"end":{"line":57,"column":5}},"32":{"start":{"line":49,"column":8},"end":{"line":56,"column":9}},"33":{"start":{"line":50,"column":12},"end":{"line":50,"column":60}},"34":{"start":{"line":51,"column":12},"end":{"line":51,"column":86}},"35":{"start":{"line":53,"column":12},"end":{"line":55,"column":13}},"36":{"start":{"line":54,"column":16},"end":{"line":54,"column":77}},"37":{"start":{"line":58,"column":4},"end":{"line":58,"column":31}},"38":{"start":{"line":59,"column":4},"end":{"line":64,"column":43}},"39":{"start":{"line":60,"column":8},"end":{"line":60,"column":58}},"40":{"start":{"line":61,"column":8},"end":{"line":61,"column":111}},"41":{"start":{"line":62,"column":8},"end":{"line":62,"column":83}},"42":{"start":{"line":63,"column":8},"end":{"line":63,"column":34}},"43":{"start":{"line":65,"column":4},"end":{"line":65,"column":18}},"44":{"start":{"line":68,"column":0},"end":{"line":74,"column":2}},"45":{"start":{"line":69,"column":4},"end":{"line":69,"column":73}},"46":{"start":{"line":70,"column":4},"end":{"line":72,"column":5}},"47":{"start":{"line":71,"column":8},"end":{"line":71,"column":42}},"48":{"start":{"line":73,"column":4},"end":{"line":73,"column":61}},"49":{"start":{"line":76,"column":0},"end":{"line":79,"column":2}},"50":{"start":{"line":77,"column":4},"end":{"line":77,"column":73}},"51":{"start":{"line":78,"column":1},"end":{"line":78,"column":44}}},"branchMap":{"1":{"line":17,"type":"if","locations":[{"start":{"line":17,"column":1},"end":{"line":17,"column":1}},{"start":{"line":17,"column":1},"end":{"line":17,"column":1}}]},"2":{"line":21,"type":"if","locations":[{"start":{"line":21,"column":8},"end":{"line":21,"column":8}},{"start":{"line":21,"column":8},"end":{"line":21,"column":8}}]},"3":{"line":24,"type":"cond-expr","locations":[{"start":{"line":24,"column":37},"end":{"line":24,"column":58}},{"start":{"line":24,"column":61},"end":{"line":24,"column":65}}]},"4":{"line":36,"type":"cond-expr","locations":[{"start":{"line":36,"column":33},"end":{"line":36,"column":54}},{"start":{"line":36,"column":57},"end":{"line":36,"column":61}}]},"5":{"line":45,"type":"if","locations":[{"start":{"line":45,"column":4},"end":{"line":45,"column":4}},{"start":{"line":45,"column":4},"end":{"line":45,"column":4}}]},"6":{"line":46,"type":"cond-expr","locations":[{"start":{"line":46,"column":44},"end":{"line":46,"column":83}},{"start":{"line":46,"column":86},"end":{"line":46,"column":88}}]},"7":{"line":48,"type":"if","locations":[{"start":{"line":48,"column":4},"end":{"line":48,"column":4}},{"start":{"line":48,"column":4},"end":{"line":48,"column":4}}]},"8":{"line":49,"type":"if","locations":[{"start":{"line":49,"column":8},"end":{"line":49,"column":8}},{"start":{"line":49,"column":8},"end":{"line":49,"column":8}}]},"9":{"line":53,"type":"if","locations":[{"start":{"line":53,"column":12},"end":{"line":53,"column":12}},{"start":{"line":53,"column":12},"end":{"line":53,"column":12}}]},"10":{"line":70,"type":"if","locations":[{"start":{"line":70,"column":4},"end":{"line":70,"column":4}},{"start":{"line":70,"column":4},"end":{"line":70,"column":4}}]}},"code":["/* global require, console, exports */","var utils   = require('./utils'),","    fs      = require('fs'),","    req     = require('request'),","    path    = require('path'),","    log     = require('./utils').log,","    forward   = require('../lib/utils').forwardEvent,","\tretire  = require('./retire');","var emitter = require('events').EventEmitter;","","","function loadJson(url, options) {","\tvar events = new emitter();","    var request = req;","    var logger = log(options);","\tlogger.info('Downloading ' + url + ' ...');","\tif (options.proxy) {","        request = request.defaults({'proxy' : options.proxy});","    }","    request.get(url, function (error, r, data) {","        if (error) {","            events.emit('stop', 'Error downloading: ' + url, error);","        } else {","            data = options.process ? options.process(data) : data;","            var obj = JSON.parse(data);","            events.emit('done', obj);","        }","    });","\treturn events;","}","","function loadJsonFromFile(file, options) {","    log(options).verbose('Reading ' + file + ' ...');","\tvar events = new emitter();","    fs.readFile(file, { encoding : 'utf8'}, function(err, data) {","        data = options.process ? options.process(data) : data;","        var obj = JSON.parse(data);","        events.emit('done', obj);","    });","    return events;","}","","function loadFromCache(url, cachedir, options) {","    var cacheIndex = path.resolve(cachedir, 'index.json');","    if (!fs.existsSync(cachedir)) fs.mkdirSync(cachedir);","    var cache = fs.existsSync(cacheIndex) ? JSON.parse(fs.readFileSync(cacheIndex)) : {};","    var now = new Date().getTime();","    if (cache[url]) {","        if (now - cache[url].date < 60*60*1000) {","            log(options).info(\"Loading from cache: \" + url);","            return loadJsonFromFile(path.res
[...]
6,"column":4},"end":{"line":26,"column":79}},"15":{"start":{"line":28,"column":4},"end":{"line":28,"column":68}},"16":{"start":{"line":30,"column":2},"end":{"line":43,"column":3}},"17":{"start":{"line":31,"column":4},"end":{"line":31,"column":17}},"18":{"start":{"line":32,"column":4},"end":{"line":32,"column":21}},"19":{"start":{"line":33,"column":4},"end":{"line":42,"column":7}},"20":{"start":{"line":34,"column":6},"end":{"line":34,"column":20}},"21":{"start":{"line":35,"column":6},"end":{"line":35,"column":50}},"22":{"start":{"line":36,"column":6},"end":{"line":36,"column":31}},"23":{"start":{"line":36,"column":24},"end":{"line":36,"column":31}},"24":{"start":{"line":37,"column":6},"end":{"line":39,"column":7}},"25":{"start":{"line":38,"column":8},"end":{"line":38,"column":80}},"26":{"start":{"line":40,"column":6},"end":{"line":40,"column":65}},"27":{"start":{"line":41,"column":6},"end":{"line":41,"column":26}},"28":{"start":{"line":46,"column":0},"end":{"line":61,"column":1}},"29":{"start":{"line":47,"column":2},"end":{"line":47,"column":18}},"30":{"start":{"line":48,"column":2},"end":{"line":59,"column":5}},"31":{"start":{"line":49,"column":4},"end":{"line":49,"column":63}},"32":{"start":{"line":50,"column":4},"end":{"line":52,"column":5}},"33":{"start":{"line":51,"column":6},"end":{"line":51,"column":61}},"34":{"start":{"line":53,"column":4},"end":{"line":57,"column":5}},"35":{"start":{"line":54,"column":6},"end":{"line":56,"column":27}},"36":{"start":{"line":55,"column":8},"end":{"line":55,"column":59}},"37":{"start":{"line":58,"column":4},"end":{"line":58,"column":85}},"38":{"start":{"line":60,"column":2},"end":{"line":60,"column":16}},"39":{"start":{"line":63,"column":0},"end":{"line":69,"column":1}},"40":{"start":{"line":64,"column":2},"end":{"line":68,"column":5}},"41":{"start":{"line":65,"column":4},"end":{"line":67,"column":7}},"42":{"start":{"line":66,"column":6},"end":{"line":66,"column":69}},"43":{"start":{"line":71,"column":0},"end":{"line":86,"column":1}},"44":{"start":{"line":72,"column":2},"end":{"line":72,"column":53}},"45":{"start":{"line":72,"column":46},"end":{"line":72,"column":53}},"46":{"start":{"line":73,"column":2},"end":{"line":85,"column":5}},"47":{"start":{"line":74,"column":4},"end":{"line":74,"column":53}},"48":{"start":{"line":74,"column":46},"end":{"line":74,"column":53}},"49":{"start":{"line":75,"column":4},"end":{"line":83,"column":7}},"50":{"start":{"line":76,"column":6},"end":{"line":76,"column":46}},"51":{"start":{"line":76,"column":39},"end":{"line":76,"column":46}},"52":{"start":{"line":77,"column":6},"end":{"line":77,"column":55}},"53":{"start":{"line":77,"column":48},"end":{"line":77,"column":55}},"54":{"start":{"line":78,"column":6},"end":{"line":81,"column":7}},"55":{"start":{"line":79,"column":8},"end":{"line":79,"column":67}},"56":{"start":{"line":80,"column":8},"end":{"line":80,"column":15}},"57":{"start":{"line":82,"column":6},"end":{"line":82,"column":29}},"58":{"start":{"line":84,"column":4},"end":{"line":84,"column":65}},"59":{"start":{"line":84,"column":40},"end":{"line":84,"column":65}},"60":{"start":{"line":88,"column":0},"end":{"line":93,"column":1}},"61":{"start":{"line":89,"column":2},"end":{"line":92,"column":5}},"62":{"start":{"line":90,"column":4},"end":{"line":90,"column":54}},"63":{"start":{"line":90,"column":42},"end":{"line":90,"column":54}},"64":{"start":{"line":91,"column":4},"end":{"line":91,"column":100}},"65":{"start":{"line":91,"column":60},"end":{"line":91,"column":96}},"66":{"start":{"line":94,"column":0},"end":{"line":98,"column":1}},"67":{"start":{"line":95,"column":2},"end":{"line":95,"column":67}},"68":{"start":{"line":95,"column":54},"end":{"line":95,"column":67}},"69":{"start":{"line":96,"column":2},"end":{"line":96,"column":50}},"70":{"start":{"line":97,"column":2},"end":{"line":97,"column":113}},"71":{"start":{"line":97,"column":67},"end":{"line":97,"column":86}},"72":{"start":{"line":101,"column":0},"end":{"line":110,"column":1}},"73":{"start":{"line":102,"column":2},"end":{"line":104,"column":3}},"74":{"start":{"line":103,"column":4},"end":{"line":103,"column":11}},"75":{"start":{"line":105,"column":2},"end":{"line":105,"column":48}},"76":{"start":{"line":106,"column":2},"end":{"line":108,"column":3}},"77":{"start":{"line":107,"column":4},"end":{"line":107,"column":72}},"78":{"start":{"line":109,"column":2},"end":{"line":109,"column":39}},"79":{"start":{"line":112,"column":0},"end":{"line":115,"column":1}},"80":{"start":{"line":113,"column":2},"end":{"line":113,"column":58}},"81":{"start":{"line":113,"column":24},"end":{"line":113,"column":58}},"82":{"start":{"line":114,"column":2},"end":{"line":114,"column":146}},"83":{"start":{"line":117,"column":0},"end":{"line":134,"column":1}},"84":{"start":{"line":118,"column":2},"end":{"line":133,"column":3}},"85":{"start":{"line":119,"column":4},"end":{"line":121,"column":5}},"86":{"start":{"line":120,"column":6},"end":{"line":120,"column":15}},"87":{"start":{"line":122,"column":4},"end":{"line":122,"column":67}},"88":{"start":{"line":123,"column":4},"end":{"line":132,"column":5}},"89":{"start":{"line":124,"column":6},"end":{"line":124,"column":69}},"90":{"start":{"line":125,"column":6},"end":{"line":125,"column":30}},"91":{"start":{"line":126,"column":6},"end":{"line":126,"column":136}},"92":{"start":{"line":127,"column":6},"end":{"line":129,"column":7}},"93":{"start":{"line":128,"column":8},"end":{"line":128,"column":37}},"94":{"start":{"line":131,"column":6},"end":{"line":131,"column":47}},"95":{"start":{"line":136,"column":0},"end":{"line":142,"column":1}},"96":{"start":{"line":137,"column":2},"end":{"line":140,"column":3}},"97":{"start":{"line":138,"column":4},"end":{"line":138,"column":70}},"98":{"start":{"line":138,"column":18},"end":{"line":138,"column":70}},"99":{"start":{"line":139,"column":4},"end":{"line":139,"column":14}},"100":{"start":{"line":141,"column":2},"end":{"line":141,"column":43}},"101":{"start":{"line":146,"column":0},"end":{"line":159,"column":1}},"102":{"start":{"line":147,"column":2},"end":{"line":149,"column":3}},"103":{"start":{"line":148,"column":4},"end":{"line":148,"column":11}},"104":{"start":{"line":150,"column":2},"end":{"line":158,"column":3}},"105":{"start":{"line":151,"column":4},"end":{"line":151,"column":50}},"106":{"start":{"line":152,"column":4},"end":{"line":155,"column":5}},"107":{"start":{"line":153,"column":6},"end":{"line":153,"column":66}},"108":{"start":{"line":154,"column":6},"end":{"line":154,"column":43}},"109":{"start":{"line":157,"column":4},"end":{"line":157,"column":55}},"110":{"start":{"line":163,"column":0},"end":{"line":165,"column":2}},"111":{"start":{"line":164,"column":1},"end":{"line":164,"column":58}},"112":{"start":{"line":166,"column":0},"end":{"line":168,"column":2}},"113":{"start":{"line":167,"column":1},"end":{"line":167,"column":40}},"114":{"start":{"line":169,"column":0},"end":{"line":171,"column":2}},"115":{"start":{"line":170,"column":2},"end":{"line":170,"column":44}},"116":{"start":{"line":172,"column":0},"end":{"line":174,"column":2}},"117":{"start":{"line":173,"column":1},"end":{"line":173,"column":27}}},"branchMap":{"1":{"line":22,"type":"if","locations":[{"start":{"line":22,"column":2},"end":{"line":22,"column":2}},{"start":{"line":22,"column":2},"end":{"line":22,"column":2}}]},"2":{"line":22,"type":"binary-expr","locations":[{"start":{"line":22,"column":6},"end":{"line":22,"column":35}},{"start":{"line":22,"column":39},"end":{"line":22,"column":55}}]},"3":{"line":24,"type":"if","locations":[{"start":{"line":24,"column":2},"end":{"line":24,"column":2}},{"start":{"line":24,"column":2},"end":{"line":24,"column":2}}]},"4":{"line":30,"type":"if","locations":[{"start":{"line":30,"column":2},"end":{"line":30,"column":2}},{"start":{"line":30,"column":2},"end":{"line":30,"column":2}}]},"5":{"line":36,"type":"if","locations":[{"start":{"line":36,"column":6},"end":{"line":36,"column":6}},{"start":{"line":36,"column":6},"end":{"line":36,"column":6}}]},"6":{"line":37,"type":"if","locations":[{"start":{"line":37,"column":6},"end":{"line":37,"column":6}},{"start":{"line":37,"column":6},"end":{"line":37,"column":6}}]},"7":{"line":49,"type":"cond-expr","locations":[{"start":{"line":49,"column":49},"end":{"line":49,"column":56}},{"start":{"line":49,"column":59},"end":{"line":49,"column":62}}]},"8":{"line":50,"type":"if","locations":[{"start":{"line":50,"column":4},"end":{"line":50,"column":4}},{"start":{"line":50,"column":4},"end":{"line":50,"column":4}}]},"9":{"line":53,"type":"if","locations":[{"start":{"line":53,"column":4},"end":{"line":53,"column":4}},{"start":{"line":53,"column":4},"end":{"line":53,"column":4}}]},"10":{"line":58,"type":"cond-expr","locations":[{"start":{"line":58,"column":73},"end":{"line":58,"column":77}},{"start":{"line":58,"column":80},"end":{"line":58,"column":83}}]},"11":{"line":66,"type":"binary-expr","locations":[{"start":{"line":66,"column":13},"end":{"line":66,"column":31}},{"start":{"line":66,"column":35},"end":{"line":66,"column":67}}]},"12":{"line":72,"type":"if","locations":[{"start":{"line":72,"column":2},"end":{"line":72,"column":2}},{"start":{"line":72,"column":2},"end":{"line":72,"column":2}}]},"13":{"line":74,"type":"if","locations":[{"start":{"line":74,"column":4},"end":{"line":74,"column":4}},{"start":{"line":74,"column":4},"end":{"line":74,"column":4}}]},"14":{"line":76,"type":"if","locations":[{"start":{"line":76,"column":6},"end":{"line":76,"column":6}},{"start":{"line":76,"column":6},"end":{"line":76,"column":6}}]},"15":{"line":77,"type":"if","locations":[{"start":{"line":77,"column":6},"end":{"line":77,"column":6}},{"start":{"line":77,"column":6},"end":{"line":77,"column":6}}]},"16":{"line":77,"type":"binary-expr","locations":[{"start":{"line":77,"column":10},"end":{"line":77,"column":19}},{"start":{"line":77,"column":23},"end":{"line":77,"column":46}}]},"17":{"line":78,"type":"if","locations":[{"start":{"line":78,"column":6},"end":{"line":78,"column":6}},{"start":{"line":78,"column":6},"end":{"line":78,"column":6}}]},"18":{"line":84,"type":"if","locations":[{"start":{"line":84,"column":4},"end":{"line":84,"column":4}},{"start":{"line":84,"column":4},"end":{"line":84,"column":4}}]},"19":{"line":90,"type":"if","locations":[{"start":{"line":90,"column":4},"end":{"line":90,"column":4}},{"start":{"line":90,"column":4},"end":{"line":90,"column":4}}]},"20":{"line":95,"type":"if","locations":[{"start":{"line":95,"column":2},"end":{"line":95,"column":2}},{"start":{"line":95,"column":2},"end":{"line":95,"column":2}}]},"21":{"line":97,"type":"cond-expr","locations":[{"start":{"line":97,"column":37},"end":{"line":97,"column":89}},{"start":{"line":97,"column":92},"end":{"line":97,"column":112}}]},"22":{"line":102,"type":"if","locations":[{"start":{"line":102,"column":2},"end":{"line":102,"column":2}},{"start":{"line":102,"column":2},"end":{"line":102,"column":2}}]},"23":{"line":102,"type":"binary-expr","locations":[{"start":{"line":102,"column":6},"end":{"line":102,"column":20}},{"start":{"line":102,"column":24},"end":{"line":102,"column":64}}]},"24":{"line":106,"type":"if","locations":[{"start":{"line":106,"column":2},"end":{"line":106,"column":2}},{"start":{"line":106,"column":2},"end":{"line":106,"column":2}}]},"25":{"line":106,"type":"binary-expr","locations":[{"start":{"line":106,"column":6},"end":{"line":106,"column":14}},{"start":{"line":106,"column":18},"end":{"line":106,"column":38}}]},"26":{"line":113,"type":"if","locations":[{"start":{"line":113,"column":2},"end":{"line":113,"column":2}},{"start":{"line":113,"column":2},"end":{"line":113,"column":2}}]},"27":{"line":114,"type":"cond-expr","locations":[{"start":{"line":114,"column":69},"end":{"line":114,"column":100}},{"start":{"line":114,"column":103},"end":{"line":114,"column":105}}]},"28":{"line":119,"type":"if","locations":[{"start":{"line":119,"column":4},"end":{"line":119,"column":4}},{"start":{"line":119,"column":4},"end":{"line":119,"column":4}}]},"29":{"line":119,"type":"binary-expr","locations":[{"start":{"line":119,"column":8},"end":{"line":119,"column":22}},{"start":{"line":119,"column":26},"end":{"line":119,"column":118}}]},"30":{"line":123,"type":"if","locations":[{"start":{"line":123,"column":4},"end":{"line":123,"column":4}},{"start":{"line":123,"column":4},"end":{"line":123,"column":4}}]},"31":{"line":127,"type":"if","locations":[{"start":{"line":127,"column":6},"end":{"line":127,"column":6}},{"start":{"line":127,"column":6},"end":{"line":127,"column":6}}]},"32":{"line":138,"type":"if","locations":[{"start":{"line":138,"column":4},"end":{"line":138,"column":4}},{"start":{"line":138,"column":4},"end":{"line":138,"column":4}}]},"33":{"line":147,"type":"if","locations":[{"start":{"line":147,"column":2},"end":{"line":147,"column":2}},{"start":{"line":147,"column":2},"end":{"line":147,"column":2}}]},"34":{"line":147,"type":"binary-expr","locations":[{"start":{"line":147,"column":6},"end":{"line":147,"column":20}},{"start":{"line":147,"column":24},"end":{"line":147,"column":64}}]},"35":{"line":152,"type":"if","locations":[{"start":{"line":152,"column":4},"end":{"line":152,"column":4}},{"start":{"line":152,"column":4},"end":{"line":152,"column":4}}]}},"code":["","var retire = require('./retire'),","    fs     = require('fs'),","    crypto = require('crypto'),","    path   = require('path'),","    utils  = require('./utils'),","    log    = require('./utils').log,","    emitter   = new require('events').EventEmitter;","","var events = new emitter();","","var hash = {","  'sha1' : function(data) {","    shasum   = crypto.createHash('sha1');","    shasum.update(data);","    return shasum.digest('hex');","  }","};","","function printResults(file, results, options) {","  removeIgnored(results, options.ignore);","  if (!retire.isVulnerable(results) && !options.verbose) return;","  var logger = log(options).info;","  if (retire.isVulnerable(results)) {","    logger = log(options).warn;","    events.emit('vulnerable-dependency-found', {file: file, results: results});","  } else {","    events.emit('dependency-found', {file: file, results: results});","  }","  if (results.length > 0) {","    logger(file);","    var printed = {};","    results.forEach(function(elm) {","      var vuln = '';","      var key = elm.component + ' ' + elm.version;","      if (printed[key]) return;","      if (retire.isVulnerable([elm])) {","        vuln = ' has known vulnerabilities:' + printVulnerability(elm, options);","      }","      logger(' ' + String.fromCharCode(8627) + ' ' + key + vuln);","      printed[key] = true;","    });","  }","}","","function printVulnerability(component, options) {","  var string = '';","  component.vulnerabilities.forEach(function(vulnerability){","    string += options.outputformat === 'clean' ? '\\n   ' : ' ';","    if (vulnerability.severity) {","      string += 'severity: ' + vulnerability.severity + '; ';","    }","    if (vulnerability.identifiers) {","      string += utils.map(vulnerability.identifiers, function(id, name) {","        return name + ': ' + utils.flatten([id]).join(' ');","      }).join(', ') + '; ';","    }","    string += vulnerability.info.join(options.outputformat === 'clean' ? '\\n' : ' ');","  });","  return string;","}","","function shouldIgnorePath(fileSpecs, ignores) {","  return utils.detect(ignores.paths, function(i) {","    return utils.detect(fileSpecs, function(j) {","      return j.indexOf(i) === 0 || j.indexOf(path.resolve(i)) === 0 ; ","    });","  });","}","","function removeIgnored(results, ignores) {","  if (!ignores.hasOwnProperty(\"descriptors\")) return;","  results.forEach(function(r) {","    if (!r.hasOwnProperty(\"vulnerabilities\")) return;","    ignores.descriptors.forEach(function(i) {","      if (r.component !== i.component) return;","      if (i.version && r.version !== i.version) return;","      if (i.identifiers) {","        removeIgnoredVulnerabilitiesByIdentifier(i.identifiers, r);","        return;","      }","      r.vulnerabilities = [];","    });","    if (r.vulnerabilities.length === 0) delete r.vulnerabilities;","  });","}","","function removeIgnoredVulnerabilitiesByIdentifier(identifiers, result) {","  result.vulnerabilities = result.vulnerabilities.filter(function(v) {","    if (!v.hasOwnProperty(\"identifiers\")) return true;","    return !utils.every(identifiers, function(key, value) { return hasIdentifier(v, key, value); });","  });","}","function hasIdentifier(vulnerability, key, value) {","  if (!vulnerability.identifiers.hasOwnProperty(key)) return false;","  var identifier = vulnerability.identifiers[key];","  return Array.isArray(identifier) ? identifier.some(function(x) { return x === value; }) : identifier === value;","}","","","function scanJsFile(file, repo, options) {","  if (options.ignore && shouldIgnorePath([file], options.ignore)) {","    return;","  }","  var results = retire.scanFileName(file, repo);","  if (!results || results.length === 0) {","    results = retire.scanFileContent(fs.readFileSync(file), repo, hash);","  }","  printResults(file, results, options);","}","","function printParent(comp, options) {","  if ('parent' in comp) printParent(comp.parent, options);","  log(options).info(new Array(comp.level).join(' ') + (comp.parent ? String.fromCharCode(8627) + ' ' : '') + comp.component + ' ' + comp.version);","}","","function scanDependencies(dependencies, nodeRepo, options) {","  for (var i in dependencies) {","    if (options.ignore && shouldIgnorePath([dependencies[i].component, toModulePath(dependencies[i])], options.ignore)) {","      continue;","    }","    results = retire.scanNodeDependency(dependencies[i], nodeRepo);","    if (retire.isVulnerable(results)) {","      events.emit('vulnerable-dependency-found', {results: results});","      var result = results[0]; //Only single scan here","      log(options).warn(result.component + ' ' + result.version + ' has known vulnerabilities: ' + printVulnerability(result, options));","      if (result.parent) {","        printParent(result, options);","      }","    } else {","      events.emit('dependency-found', results);","    }","  }","}","","function toModulePath(dep) {","  function f(d) {","    if (d.parent) return f(d.parent) + \"/node_modules/\" + d.component;","    return \"\";","  }","  return path.resolve(f(dep).substring(1));","}","","","","function scanBowerFile(file, repo, options) {","  if (options.ignore && shouldIgnorePath([file], options.ignore)) {","    return;","  }","  try {","    var bower = JSON.parse(fs.readFileSync(file));","    if (bower.version) {","      var results = retire.check(bower.name, bower.version, repo);","      printResults(file, results, options);","    }","  } catch (e) {","    log(options).warn('Could not parse file: ' + file);","  }","}","","","","exports.scanDependencies = function(dependencies, nodeRepo, options) {","\treturn scanDependencies(dependencies, nodeRepo, options);","};","exports.scanJsFile = function(file, repo, options) {","\treturn scanJsFile(file, repo, options);","};","exports.scanBowerFile = function(file, repo, options) {","  return scanBowerFile(file, repo, options);","};","exports.on = function(name, listener) {","\tevents.on(name, listener);","};","","",""],"l":{"2":1,"10":1,"12":1,"14":0,"15":0,"16":0,"20":1,"21":0,"22":0,"23":0,"24":0,"25":0,"26":0,"28":0,"30":0,"31":0,"32":0,"33":0,"34":0,"35":0,"36":0,"37":0,"38":0,"40":0,"41":0,"46":1,"47":0,"48":0,"49":0,"50":0,"51":0,"53":0,"54":0,"55":0,"58":0,"60":0,"63":1,"64":0,"65":0,"66":0,"71":1,"72":0,"73":0,"74":0,"75":0,"76":0,"77":0,"78":0,"79":0,"80":0,"82":0,"84":0,"88":1,"89":0,"90":0,"91":0,"94":1,"95":0,"96":0,"97":0,"101":1,"102":0,"103":0,"105":0,"106":0,"107":0,"109":0,"112":1,"113":0,"114":0,"117":1,"118":0,"119":0,"120":0,"122":0,"123":0,"124":0,"125":0,"126":0,"127":0,"128":0,"131":0,"136":1,"137":1,"138":0,"139":0,"141":0,"146":1,"147":0,"148":0,"150":0,"151":0,"152":0,"153":0,"154":0,"157":0,"163":1,"164":0,"166":1,"167":0,"169":1,"170":0,"172":1,"173":0}}}